<?xml version="1.0" encoding="UTF-8"?>
<testsuite xmlns:xsi="http://www.w3.org/2001/XMLSchema-instance" xsi:noNamespaceSchemaLocation="https://maven.apache.org/surefire/maven-surefire-plugin/xsd/surefire-test-report.xsd" version="3.0.1" name="runner.AppRunner" time="45.57" tests="1" errors="0" skipped="0" failures="0">
  <properties>
    <property name="java.specification.version" value="17"/>
    <property name="sun.cpu.isalist" value="amd64"/>
    <property name="sun.jnu.encoding" value="Cp1252"/>
    <property name="java.class.path" value="C:\Users\Archents\Desktop\Docs\AppiumAutomation\target\test-classes;C:\Users\Archents\Desktop\Docs\AppiumAutomation\target\classes;C:\Users\Archents\.m2\repository\junit\junit\4.13.2\junit-4.13.2.jar;C:\Users\Archents\.m2\repository\org\hamcrest\hamcrest-core\1.3\hamcrest-core-1.3.jar;C:\Users\Archents\.m2\repository\io\cucumber\cucumber-java\7.18.0\cucumber-java-7.18.0.jar;C:\Users\Archents\.m2\repository\io\cucumber\cucumber-core\7.18.0\cucumber-core-7.18.0.jar;C:\Users\Archents\.m2\repository\io\cucumber\cucumber-gherkin\7.18.0\cucumber-gherkin-7.18.0.jar;C:\Users\Archents\.m2\repository\io\cucumber\cucumber-gherkin-messages\7.18.0\cucumber-gherkin-messages-7.18.0.jar;C:\Users\Archents\.m2\repository\io\cucumber\gherkin\28.0.0\gherkin-28.0.0.jar;C:\Users\Archents\.m2\repository\io\cucumber\messages\24.1.0\messages-24.1.0.jar;C:\Users\Archents\.m2\repository\io\cucumber\testng-xml-formatter\0.1.0\testng-xml-formatter-0.1.0.jar;C:\Users\Archents\.m2\repository\io\cucumber\query\12.1.2\query-12.1.2.jar;C:\Users\Archents\.m2\repository\io\cucumber\tag-expressions\6.1.0\tag-expressions-6.1.0.jar;C:\Users\Archents\.m2\repository\io\cucumber\cucumber-expressions\17.1.0\cucumber-expressions-17.1.0.jar;C:\Users\Archents\.m2\repository\io\cucumber\datatable\7.18.0\datatable-7.18.0.jar;C:\Users\Archents\.m2\repository\io\cucumber\cucumber-plugin\7.18.0\cucumber-plugin-7.18.0.jar;C:\Users\Archents\.m2\repository\io\cucumber\docstring\7.18.0\docstring-7.18.0.jar;C:\Users\Archents\.m2\repository\io\cucumber\html-formatter\21.3.1\html-formatter-21.3.1.jar;C:\Users\Archents\.m2\repository\io\cucumber\junit-xml-formatter\0.4.0\junit-xml-formatter-0.4.0.jar;C:\Users\Archents\.m2\repository\io\cucumber\ci-environment\10.0.1\ci-environment-10.0.1.jar;C:\Users\Archents\.m2\repository\org\apiguardian\apiguardian-api\1.1.2\apiguardian-api-1.1.2.jar;C:\Users\Archents\.m2\repository\io\cucumber\cucumber-picocontainer\7.18.0\cucumber-picocontainer-7.18.0.jar;C:\Users\Archents\.m2\repository\org\picocontainer\picocontainer\2.15\picocontainer-2.15.jar;C:\Users\Archents\.m2\repository\io\cucumber\cucumber-junit\7.18.0\cucumber-junit-7.18.0.jar;C:\Users\Archents\.m2\repository\org\seleniumhq\selenium\selenium-java\4.21.0\selenium-java-4.21.0.jar;C:\Users\Archents\.m2\repository\org\seleniumhq\selenium\selenium-api\4.21.0\selenium-api-4.21.0.jar;C:\Users\Archents\.m2\repository\org\seleniumhq\selenium\selenium-chrome-driver\4.21.0\selenium-chrome-driver-4.21.0.jar;C:\Users\Archents\.m2\repository\com\google\auto\service\auto-service-annotations\1.1.1\auto-service-annotations-1.1.1.jar;C:\Users\Archents\.m2\repository\org\seleniumhq\selenium\selenium-chromium-driver\4.21.0\selenium-chromium-driver-4.21.0.jar;C:\Users\Archents\.m2\repository\org\seleniumhq\selenium\selenium-json\4.21.0\selenium-json-4.21.0.jar;C:\Users\Archents\.m2\repository\org\seleniumhq\selenium\selenium-manager\4.21.0\selenium-manager-4.21.0.jar;C:\Users\Archents\.m2\repository\org\seleniumhq\selenium\selenium-devtools-v123\4.21.0\selenium-devtools-v123-4.21.0.jar;C:\Users\Archents\.m2\repository\org\seleniumhq\selenium\selenium-devtools-v124\4.21.0\selenium-devtools-v124-4.21.0.jar;C:\Users\Archents\.m2\repository\org\seleniumhq\selenium\selenium-devtools-v125\4.21.0\selenium-devtools-v125-4.21.0.jar;C:\Users\Archents\.m2\repository\org\seleniumhq\selenium\selenium-devtools-v85\4.21.0\selenium-devtools-v85-4.21.0.jar;C:\Users\Archents\.m2\repository\org\seleniumhq\selenium\selenium-edge-driver\4.21.0\selenium-edge-driver-4.21.0.jar;C:\Users\Archents\.m2\repository\org\seleniumhq\selenium\selenium-firefox-driver\4.21.0\selenium-firefox-driver-4.21.0.jar;C:\Users\Archents\.m2\repository\org\seleniumhq\selenium\selenium-http\4.21.0\selenium-http-4.21.0.jar;C:\Users\Archents\.m2\repository\dev\failsafe\failsafe\3.3.2\failsafe-3.3.2.jar;C:\Users\Archents\.m2\repository\org\seleniumhq\selenium\selenium-ie-driver\4.21.0\selenium-ie-driver-4.21.0.jar;C:\Users\Archents\.m2\repository\org\seleniumhq\selenium\selenium-remote-driver\4.21.0\selenium-remote-driver-4.21.0.jar;C:\Users\Archents\.m2\repository\com\google\guava\guava\33.2.0-jre\guava-33.2.0-jre.jar;C:\Users\Archents\.m2\repository\com\google\guava\failureaccess\1.0.2\failureaccess-1.0.2.jar;C:\Users\Archents\.m2\repository\com\google\guava\listenablefuture\9999.0-empty-to-avoid-conflict-with-guava\listenablefuture-9999.0-empty-to-avoid-conflict-with-guava.jar;C:\Users\Archents\.m2\repository\com\google\code\findbugs\jsr305\3.0.2\jsr305-3.0.2.jar;C:\Users\Archents\.m2\repository\org\checkerframework\checker-qual\3.42.0\checker-qual-3.42.0.jar;C:\Users\Archents\.m2\repository\com\google\errorprone\error_prone_annotations\2.26.1\error_prone_annotations-2.26.1.jar;C:\Users\Archents\.m2\repository\com\google\j2objc\j2objc-annotations\3.0.0\j2objc-annotations-3.0.0.jar;C:\Users\Archents\.m2\repository\io\opentelemetry\semconv\opentelemetry-semconv\1.25.0-alpha\opentelemetry-semconv-1.25.0-alpha.jar;C:\Users\Archents\.m2\repository\io\opentelemetry\opentelemetry-api\1.38.0\opentelemetry-api-1.38.0.jar;C:\Users\Archents\.m2\repository\io\opentelemetry\opentelemetry-context\1.38.0\opentelemetry-context-1.38.0.jar;C:\Users\Archents\.m2\repository\io\opentelemetry\opentelemetry-exporter-logging\1.38.0\opentelemetry-exporter-logging-1.38.0.jar;C:\Users\Archents\.m2\repository\io\opentelemetry\opentelemetry-sdk-common\1.38.0\opentelemetry-sdk-common-1.38.0.jar;C:\Users\Archents\.m2\repository\io\opentelemetry\opentelemetry-sdk-extension-autoconfigure-spi\1.38.0\opentelemetry-sdk-extension-autoconfigure-spi-1.38.0.jar;C:\Users\Archents\.m2\repository\io\opentelemetry\opentelemetry-sdk-extension-autoconfigure\1.38.0\opentelemetry-sdk-extension-autoconfigure-1.38.0.jar;C:\Users\Archents\.m2\repository\io\opentelemetry\opentelemetry-api-incubator\1.38.0-alpha\opentelemetry-api-incubator-1.38.0-alpha.jar;C:\Users\Archents\.m2\repository\io\opentelemetry\opentelemetry-sdk-trace\1.38.0\opentelemetry-sdk-trace-1.38.0.jar;C:\Users\Archents\.m2\repository\io\opentelemetry\opentelemetry-sdk\1.38.0\opentelemetry-sdk-1.38.0.jar;C:\Users\Archents\.m2\repository\io\opentelemetry\opentelemetry-sdk-metrics\1.38.0\opentelemetry-sdk-metrics-1.38.0.jar;C:\Users\Archents\.m2\repository\io\opentelemetry\opentelemetry-sdk-logs\1.38.0\opentelemetry-sdk-logs-1.38.0.jar;C:\Users\Archents\.m2\repository\net\bytebuddy\byte-buddy\1.14.15\byte-buddy-1.14.15.jar;C:\Users\Archents\.m2\repository\org\seleniumhq\selenium\selenium-os\4.21.0\selenium-os-4.21.0.jar;C:\Users\Archents\.m2\repository\org\apache\commons\commons-exec\1.4.0\commons-exec-1.4.0.jar;C:\Users\Archents\.m2\repository\org\seleniumhq\selenium\selenium-safari-driver\4.21.0\selenium-safari-driver-4.21.0.jar;C:\Users\Archents\.m2\repository\org\seleniumhq\selenium\selenium-support\4.21.0\selenium-support-4.21.0.jar;C:\Users\Archents\.m2\repository\net\masterthought\cucumber-reporting\5.7.6\cucumber-reporting-5.7.6.jar;C:\Users\Archents\.m2\repository\com\fasterxml\jackson\core\jackson-databind\2.13.2.2\jackson-databind-2.13.2.2.jar;C:\Users\Archents\.m2\repository\com\fasterxml\jackson\core\jackson-annotations\2.13.2\jackson-annotations-2.13.2.jar;C:\Users\Archents\.m2\repository\com\fasterxml\jackson\core\jackson-core\2.13.2\jackson-core-2.13.2.jar;C:\Users\Archents\.m2\repository\com\fasterxml\jackson\datatype\jackson-datatype-jsr310\2.13.2\jackson-datatype-jsr310-2.13.2.jar;C:\Users\Archents\.m2\repository\org\apache\velocity\velocity-engine-core\2.3\velocity-engine-core-2.3.jar;C:\Users\Archents\.m2\repository\joda-time\joda-time\2.12.2\joda-time-2.12.2.jar;C:\Users\Archents\.m2\repository\org\apache\commons\commons-lang3\3.12.0\commons-lang3-3.12.0.jar;C:\Users\Archents\.m2\repository\commons-io\commons-io\2.7\commons-io-2.7.jar;C:\Users\Archents\.m2\repository\org\codehaus\plexus\plexus-utils\3.5.1\plexus-utils-3.5.1.jar;C:\Users\Archents\.m2\repository\org\jsoup\jsoup\1.16.1\jsoup-1.16.1.jar;C:\Users\Archents\.m2\repository\com\googlecode\owasp-java-html-sanitizer\owasp-java-html-sanitizer\20220608.1\owasp-java-html-sanitizer-20220608.1.jar;C:\Users\Archents\.m2\repository\commons-configuration\commons-configuration\1.10\commons-configuration-1.10.jar;C:\Users\Archents\.m2\repository\commons-lang\commons-lang\2.6\commons-lang-2.6.jar;C:\Users\Archents\.m2\repository\commons-logging\commons-logging\1.1.1\commons-logging-1.1.1.jar;C:\Users\Archents\.m2\repository\com\aventstack\extentreports\5.1.1\extentreports-5.1.1.jar;C:\Users\Archents\.m2\repository\io\reactivex\rxjava3\rxjava\3.1.6\rxjava-3.1.6.jar;C:\Users\Archents\.m2\repository\org\reactivestreams\reactive-streams\1.0.4\reactive-streams-1.0.4.jar;C:\Users\Archents\.m2\repository\org\freemarker\freemarker\2.3.32\freemarker-2.3.32.jar;C:\Users\Archents\.m2\repository\org\projectlombok\lombok\1.18.26\lombok-1.18.26.jar;C:\Users\Archents\.m2\repository\com\google\code\gson\gson\2.10.1\gson-2.10.1.jar;C:\Users\Archents\.m2\repository\org\apache\logging\log4j\log4j-api\3.0.0-beta2\log4j-api-3.0.0-beta2.jar;C:\Users\Archents\.m2\repository\org\apache\logging\log4j\log4j-core\3.0.0-beta2\log4j-core-3.0.0-beta2.jar;C:\Users\Archents\.m2\repository\org\apache\logging\log4j\log4j-plugins\3.0.0-beta2\log4j-plugins-3.0.0-beta2.jar;C:\Users\Archents\.m2\repository\org\apache\logging\log4j\log4j-slf4j-impl\2.23.1\log4j-slf4j-impl-2.23.1.jar;C:\Users\Archents\.m2\repository\org\slf4j\slf4j-api\1.7.36\slf4j-api-1.7.36.jar;C:\Users\Archents\.m2\repository\io\appium\java-client\9.2.3\java-client-9.2.3.jar;"/>
    <property name="java.vm.vendor" value="Oracle Corporation"/>
    <property name="sun.arch.data.model" value="64"/>
    <property name="user.variant" value=""/>
    <property name="java.vendor.url" value="https://java.oracle.com/"/>
    <property name="user.timezone" value="Asia/Calcutta"/>
    <property name="os.name" value="Windows 11"/>
    <property name="java.vm.specification.version" value="17"/>
    <property name="sun.java.launcher" value="SUN_STANDARD"/>
    <property name="user.country" value="IN"/>
    <property name="sun.boot.library.path" value="C:\Program Files\Java\jdk-17\bin"/>
    <property name="sun.java.command" value="C:\Users\Archents\AppData\Local\Temp\surefire17102219447393231242\surefirebooter-20240622003808643_3.jar C:\Users\Archents\AppData\Local\Temp\surefire17102219447393231242 2024-06-22T00-38-08_476-jvmRun1 surefire-20240622003808643_1tmp surefire_0-20240622003808643_2tmp"/>
    <property name="jdk.debug" value="release"/>
    <property name="surefire.test.class.path" value="C:\Users\Archents\Desktop\Docs\AppiumAutomation\target\test-classes;C:\Users\Archents\Desktop\Docs\AppiumAutomation\target\classes;C:\Users\Archents\.m2\repository\junit\junit\4.13.2\junit-4.13.2.jar;C:\Users\Archents\.m2\repository\org\hamcrest\hamcrest-core\1.3\hamcrest-core-1.3.jar;C:\Users\Archents\.m2\repository\io\cucumber\cucumber-java\7.18.0\cucumber-java-7.18.0.jar;C:\Users\Archents\.m2\repository\io\cucumber\cucumber-core\7.18.0\cucumber-core-7.18.0.jar;C:\Users\Archents\.m2\repository\io\cucumber\cucumber-gherkin\7.18.0\cucumber-gherkin-7.18.0.jar;C:\Users\Archents\.m2\repository\io\cucumber\cucumber-gherkin-messages\7.18.0\cucumber-gherkin-messages-7.18.0.jar;C:\Users\Archents\.m2\repository\io\cucumber\gherkin\28.0.0\gherkin-28.0.0.jar;C:\Users\Archents\.m2\repository\io\cucumber\messages\24.1.0\messages-24.1.0.jar;C:\Users\Archents\.m2\repository\io\cucumber\testng-xml-formatter\0.1.0\testng-xml-formatter-0.1.0.jar;C:\Users\Archents\.m2\repository\io\cucumber\query\12.1.2\query-12.1.2.jar;C:\Users\Archents\.m2\repository\io\cucumber\tag-expressions\6.1.0\tag-expressions-6.1.0.jar;C:\Users\Archents\.m2\repository\io\cucumber\cucumber-expressions\17.1.0\cucumber-expressions-17.1.0.jar;C:\Users\Archents\.m2\repository\io\cucumber\datatable\7.18.0\datatable-7.18.0.jar;C:\Users\Archents\.m2\repository\io\cucumber\cucumber-plugin\7.18.0\cucumber-plugin-7.18.0.jar;C:\Users\Archents\.m2\repository\io\cucumber\docstring\7.18.0\docstring-7.18.0.jar;C:\Users\Archents\.m2\repository\io\cucumber\html-formatter\21.3.1\html-formatter-21.3.1.jar;C:\Users\Archents\.m2\repository\io\cucumber\junit-xml-formatter\0.4.0\junit-xml-formatter-0.4.0.jar;C:\Users\Archents\.m2\repository\io\cucumber\ci-environment\10.0.1\ci-environment-10.0.1.jar;C:\Users\Archents\.m2\repository\org\apiguardian\apiguardian-api\1.1.2\apiguardian-api-1.1.2.jar;C:\Users\Archents\.m2\repository\io\cucumber\cucumber-picocontainer\7.18.0\cucumber-picocontainer-7.18.0.jar;C:\Users\Archents\.m2\repository\org\picocontainer\picocontainer\2.15\picocontainer-2.15.jar;C:\Users\Archents\.m2\repository\io\cucumber\cucumber-junit\7.18.0\cucumber-junit-7.18.0.jar;C:\Users\Archents\.m2\repository\org\seleniumhq\selenium\selenium-java\4.21.0\selenium-java-4.21.0.jar;C:\Users\Archents\.m2\repository\org\seleniumhq\selenium\selenium-api\4.21.0\selenium-api-4.21.0.jar;C:\Users\Archents\.m2\repository\org\seleniumhq\selenium\selenium-chrome-driver\4.21.0\selenium-chrome-driver-4.21.0.jar;C:\Users\Archents\.m2\repository\com\google\auto\service\auto-service-annotations\1.1.1\auto-service-annotations-1.1.1.jar;C:\Users\Archents\.m2\repository\org\seleniumhq\selenium\selenium-chromium-driver\4.21.0\selenium-chromium-driver-4.21.0.jar;C:\Users\Archents\.m2\repository\org\seleniumhq\selenium\selenium-json\4.21.0\selenium-json-4.21.0.jar;C:\Users\Archents\.m2\repository\org\seleniumhq\selenium\selenium-manager\4.21.0\selenium-manager-4.21.0.jar;C:\Users\Archents\.m2\repository\org\seleniumhq\selenium\selenium-devtools-v123\4.21.0\selenium-devtools-v123-4.21.0.jar;C:\Users\Archents\.m2\repository\org\seleniumhq\selenium\selenium-devtools-v124\4.21.0\selenium-devtools-v124-4.21.0.jar;C:\Users\Archents\.m2\repository\org\seleniumhq\selenium\selenium-devtools-v125\4.21.0\selenium-devtools-v125-4.21.0.jar;C:\Users\Archents\.m2\repository\org\seleniumhq\selenium\selenium-devtools-v85\4.21.0\selenium-devtools-v85-4.21.0.jar;C:\Users\Archents\.m2\repository\org\seleniumhq\selenium\selenium-edge-driver\4.21.0\selenium-edge-driver-4.21.0.jar;C:\Users\Archents\.m2\repository\org\seleniumhq\selenium\selenium-firefox-driver\4.21.0\selenium-firefox-driver-4.21.0.jar;C:\Users\Archents\.m2\repository\org\seleniumhq\selenium\selenium-http\4.21.0\selenium-http-4.21.0.jar;C:\Users\Archents\.m2\repository\dev\failsafe\failsafe\3.3.2\failsafe-3.3.2.jar;C:\Users\Archents\.m2\repository\org\seleniumhq\selenium\selenium-ie-driver\4.21.0\selenium-ie-driver-4.21.0.jar;C:\Users\Archents\.m2\repository\org\seleniumhq\selenium\selenium-remote-driver\4.21.0\selenium-remote-driver-4.21.0.jar;C:\Users\Archents\.m2\repository\com\google\guava\guava\33.2.0-jre\guava-33.2.0-jre.jar;C:\Users\Archents\.m2\repository\com\google\guava\failureaccess\1.0.2\failureaccess-1.0.2.jar;C:\Users\Archents\.m2\repository\com\google\guava\listenablefuture\9999.0-empty-to-avoid-conflict-with-guava\listenablefuture-9999.0-empty-to-avoid-conflict-with-guava.jar;C:\Users\Archents\.m2\repository\com\google\code\findbugs\jsr305\3.0.2\jsr305-3.0.2.jar;C:\Users\Archents\.m2\repository\org\checkerframework\checker-qual\3.42.0\checker-qual-3.42.0.jar;C:\Users\Archents\.m2\repository\com\google\errorprone\error_prone_annotations\2.26.1\error_prone_annotations-2.26.1.jar;C:\Users\Archents\.m2\repository\com\google\j2objc\j2objc-annotations\3.0.0\j2objc-annotations-3.0.0.jar;C:\Users\Archents\.m2\repository\io\opentelemetry\semconv\opentelemetry-semconv\1.25.0-alpha\opentelemetry-semconv-1.25.0-alpha.jar;C:\Users\Archents\.m2\repository\io\opentelemetry\opentelemetry-api\1.38.0\opentelemetry-api-1.38.0.jar;C:\Users\Archents\.m2\repository\io\opentelemetry\opentelemetry-context\1.38.0\opentelemetry-context-1.38.0.jar;C:\Users\Archents\.m2\repository\io\opentelemetry\opentelemetry-exporter-logging\1.38.0\opentelemetry-exporter-logging-1.38.0.jar;C:\Users\Archents\.m2\repository\io\opentelemetry\opentelemetry-sdk-common\1.38.0\opentelemetry-sdk-common-1.38.0.jar;C:\Users\Archents\.m2\repository\io\opentelemetry\opentelemetry-sdk-extension-autoconfigure-spi\1.38.0\opentelemetry-sdk-extension-autoconfigure-spi-1.38.0.jar;C:\Users\Archents\.m2\repository\io\opentelemetry\opentelemetry-sdk-extension-autoconfigure\1.38.0\opentelemetry-sdk-extension-autoconfigure-1.38.0.jar;C:\Users\Archents\.m2\repository\io\opentelemetry\opentelemetry-api-incubator\1.38.0-alpha\opentelemetry-api-incubator-1.38.0-alpha.jar;C:\Users\Archents\.m2\repository\io\opentelemetry\opentelemetry-sdk-trace\1.38.0\opentelemetry-sdk-trace-1.38.0.jar;C:\Users\Archents\.m2\repository\io\opentelemetry\opentelemetry-sdk\1.38.0\opentelemetry-sdk-1.38.0.jar;C:\Users\Archents\.m2\repository\io\opentelemetry\opentelemetry-sdk-metrics\1.38.0\opentelemetry-sdk-metrics-1.38.0.jar;C:\Users\Archents\.m2\repository\io\opentelemetry\opentelemetry-sdk-logs\1.38.0\opentelemetry-sdk-logs-1.38.0.jar;C:\Users\Archents\.m2\repository\net\bytebuddy\byte-buddy\1.14.15\byte-buddy-1.14.15.jar;C:\Users\Archents\.m2\repository\org\seleniumhq\selenium\selenium-os\4.21.0\selenium-os-4.21.0.jar;C:\Users\Archents\.m2\repository\org\apache\commons\commons-exec\1.4.0\commons-exec-1.4.0.jar;C:\Users\Archents\.m2\repository\org\seleniumhq\selenium\selenium-safari-driver\4.21.0\selenium-safari-driver-4.21.0.jar;C:\Users\Archents\.m2\repository\org\seleniumhq\selenium\selenium-support\4.21.0\selenium-support-4.21.0.jar;C:\Users\Archents\.m2\repository\net\masterthought\cucumber-reporting\5.7.6\cucumber-reporting-5.7.6.jar;C:\Users\Archents\.m2\repository\com\fasterxml\jackson\core\jackson-databind\2.13.2.2\jackson-databind-2.13.2.2.jar;C:\Users\Archents\.m2\repository\com\fasterxml\jackson\core\jackson-annotations\2.13.2\jackson-annotations-2.13.2.jar;C:\Users\Archents\.m2\repository\com\fasterxml\jackson\core\jackson-core\2.13.2\jackson-core-2.13.2.jar;C:\Users\Archents\.m2\repository\com\fasterxml\jackson\datatype\jackson-datatype-jsr310\2.13.2\jackson-datatype-jsr310-2.13.2.jar;C:\Users\Archents\.m2\repository\org\apache\velocity\velocity-engine-core\2.3\velocity-engine-core-2.3.jar;C:\Users\Archents\.m2\repository\joda-time\joda-time\2.12.2\joda-time-2.12.2.jar;C:\Users\Archents\.m2\repository\org\apache\commons\commons-lang3\3.12.0\commons-lang3-3.12.0.jar;C:\Users\Archents\.m2\repository\commons-io\commons-io\2.7\commons-io-2.7.jar;C:\Users\Archents\.m2\repository\org\codehaus\plexus\plexus-utils\3.5.1\plexus-utils-3.5.1.jar;C:\Users\Archents\.m2\repository\org\jsoup\jsoup\1.16.1\jsoup-1.16.1.jar;C:\Users\Archents\.m2\repository\com\googlecode\owasp-java-html-sanitizer\owasp-java-html-sanitizer\20220608.1\owasp-java-html-sanitizer-20220608.1.jar;C:\Users\Archents\.m2\repository\commons-configuration\commons-configuration\1.10\commons-configuration-1.10.jar;C:\Users\Archents\.m2\repository\commons-lang\commons-lang\2.6\commons-lang-2.6.jar;C:\Users\Archents\.m2\repository\commons-logging\commons-logging\1.1.1\commons-logging-1.1.1.jar;C:\Users\Archents\.m2\repository\com\aventstack\extentreports\5.1.1\extentreports-5.1.1.jar;C:\Users\Archents\.m2\repository\io\reactivex\rxjava3\rxjava\3.1.6\rxjava-3.1.6.jar;C:\Users\Archents\.m2\repository\org\reactivestreams\reactive-streams\1.0.4\reactive-streams-1.0.4.jar;C:\Users\Archents\.m2\repository\org\freemarker\freemarker\2.3.32\freemarker-2.3.32.jar;C:\Users\Archents\.m2\repository\org\projectlombok\lombok\1.18.26\lombok-1.18.26.jar;C:\Users\Archents\.m2\repository\com\google\code\gson\gson\2.10.1\gson-2.10.1.jar;C:\Users\Archents\.m2\repository\org\apache\logging\log4j\log4j-api\3.0.0-beta2\log4j-api-3.0.0-beta2.jar;C:\Users\Archents\.m2\repository\org\apache\logging\log4j\log4j-core\3.0.0-beta2\log4j-core-3.0.0-beta2.jar;C:\Users\Archents\.m2\repository\org\apache\logging\log4j\log4j-plugins\3.0.0-beta2\log4j-plugins-3.0.0-beta2.jar;C:\Users\Archents\.m2\repository\org\apache\logging\log4j\log4j-slf4j-impl\2.23.1\log4j-slf4j-impl-2.23.1.jar;C:\Users\Archents\.m2\repository\org\slf4j\slf4j-api\1.7.36\slf4j-api-1.7.36.jar;C:\Users\Archents\.m2\repository\io\appium\java-client\9.2.3\java-client-9.2.3.jar;"/>
    <property name="sun.cpu.endian" value="little"/>
    <property name="user.home" value="C:\Users\Archents"/>
    <property name="user.language" value="en"/>
    <property name="java.specification.vendor" value="Oracle Corporation"/>
    <property name="java.version.date" value="2024-04-16"/>
    <property name="java.home" value="C:\Program Files\Java\jdk-17"/>
    <property name="file.separator" value="\"/>
    <property name="basedir" value="C:\Users\Archents\Desktop\Docs\AppiumAutomation"/>
    <property name="java.vm.compressedOopsMode" value="Zero based"/>
    <property name="line.separator" value="&#10;"/>
    <property name="java.vm.specification.vendor" value="Oracle Corporation"/>
    <property name="java.specification.name" value="Java Platform API Specification"/>
    <property name="surefire.real.class.path" value="C:\Users\Archents\AppData\Local\Temp\surefire17102219447393231242\surefirebooter-20240622003808643_3.jar"/>
    <property name="user.script" value=""/>
    <property name="sun.management.compiler" value="HotSpot 64-Bit Tiered Compilers"/>
    <property name="java.runtime.version" value="17.0.11+7-LTS-207"/>
    <property name="user.name" value="Archents"/>
    <property name="path.separator" value=";"/>
    <property name="os.version" value="10.0"/>
    <property name="java.runtime.name" value="Java(TM) SE Runtime Environment"/>
    <property name="file.encoding" value="Cp1252"/>
    <property name="java.vm.name" value="Java HotSpot(TM) 64-Bit Server VM"/>
    <property name="localRepository" value="C:\Users\Archents\.m2\repository"/>
    <property name="java.vendor.url.bug" value="https://bugreport.java.com/bugreport/"/>
    <property name="java.io.tmpdir" value="C:\Users\Archents\AppData\Local\Temp\"/>
    <property name="java.version" value="17.0.11"/>
    <property name="user.dir" value="C:\Users\Archents\Desktop\Docs\AppiumAutomation"/>
    <property name="os.arch" value="amd64"/>
    <property name="java.vm.specification.name" value="Java Virtual Machine Specification"/>
    <property name="sun.os.patch.level" value=""/>
    <property name="native.encoding" value="Cp1252"/>
    <property name="java.library.path" value="C:\Program Files\Java\jdk-17\bin;C:\Windows\Sun\Java\bin;C:\Windows\system32;C:\Windows;C:\Program Files\Python311\Scripts\;C:\Program Files\Python311\;C:\Program Files\Common Files\Oracle\Java\javapath;C:\Windows\system32;C:\Windows;C:\Windows\System32\Wbem;C:\Windows\System32\WindowsPowerShell\v1.0\;C:\Windows\System32\OpenSSH\;C:\Program Files\Java\jdk-17\bin;D:\apache-maven-3.9.7\bin;C:\Program Files\node-v18.16.0-win-x64\node;C:\Users\Archents\AppData\Local\Android\Sdk\tools\bin;C:\Users\Archents\AppData\Local\Android\Sdk\platform-tools;C:\Users\Archents\AppData\Local\Android\Sdk\tools;C:\Users\Archents\AppData\Local\Android\Sdk;C:\Program Files\dotnet\;C:\Users\Archents\AppData\Roaming\nvm;C:\Program Files\nodejs;C:\Program Files\Git\cmd;C:\Program Files\nodejs\;C:\Users\Archents\AppData\Local\Android\Sdk;C:\Users\Archents\AppData\Local\Microsoft\WindowsApps;C:\Program Files\JetBrains\IntelliJ IDEA Community Edition 2024.1.3\bin;;C:\Program Files\JetBrains\IntelliJ IDEA 2024.1.3\bin;;C:\Users\Archents\AppData\Roaming\nvm;C:\Program Files\nodejs;C:\Users\Archents\AppData\Local\Programs\Microsoft VS Code\bin;C:\Users\Archents\AppData\Roaming\npm;."/>
    <property name="java.vm.info" value="mixed mode, sharing"/>
    <property name="java.vendor" value="Oracle Corporation"/>
    <property name="java.vm.version" value="17.0.11+7-LTS-207"/>
    <property name="sun.io.unicode.encoding" value="UnicodeLittle"/>
    <property name="java.class.version" value="61.0"/>
  </properties>
  <testcase name="User is opening an app" classname="EMPTY_NAME" time="45.085">
    <system-out><![CDATA[
@run @TC1
Scenario: User is opening an app                       # src/test/resources/Features/Sample.feature:5
Tried to attach logging to file 'D:\DummyProj\TestAppium\LogFile.txt' but an error occurred: EBUSY: resource busy or locked, unlink 'D:\DummyProj\TestAppium\LogFile.txt'
&amp#27;[38;5;112m[Appium]&amp#27;[0m Welcome to Appium v2.10.3
&amp#27;[38;5;112m[Appium]&amp#27;[0m Non-default server args:
&amp#27;[38;5;112m[Appium]&amp#27;[0m { address: &amp#27;[32m'127.0.0.1'&amp#27;[39m, localTimezone: &amp#27;[33mtrue&amp#27;[39m }
&amp#27;[38;5;112m[Appium]&amp#27;[0m The autodetected Appium home path: C:\Users\Archents\.appium
&amp#27;[38;5;112m[Appium]&amp#27;[0m Attempting to load driver uiautomator2...
&amp#27;[38;5;112m[Appium]&amp#27;[0m Requiring driver at C:\Users\Archents\.appium\node_modules\appium-uiautomator2-driver\build\index.js
&amp#27;[38;5;112m[Appium]&amp#27;[0m AndroidUiautomator2Driver has been successfully loaded in 0.558s
&amp#27;[38;5;112m[Appium]&amp#27;[0m Appium REST http interface listener started on http://127.0.0.1:4723
&amp#27;[38;5;112m[Appium]&amp#27;[0m Available drivers:
&amp#27;[38;5;112m[Appium]&amp#27;[0m   - uiautomator2@2.29.2 (automationName 'UiAutomator2')
&amp#27;[38;5;112m[Appium]&amp#27;[0m No plugins have been installed. Use the "appium plugin" command to install the one(s) you want to use.
&amp#27;[38;5;86m[HTTP]&amp#27;[0m &amp#27;[37m-->&amp#27;[39m &amp#27;[37mGET&amp#27;[39m &amp#27;[37m/status&amp#27;[39m &amp#27;[90m{}&amp#27;[39m
&amp#27;[38;5;221m[AppiumDriver@d52d]&amp#27;[0m Calling AppiumDriver.getStatus() with args: []
&amp#27;[38;5;221m[AppiumDriver@d52d]&amp#27;[0m Responding to client with driver.getStatus() result: {"ready":true,"message":"The server is ready to accept new connections","build":{"version":"2.10.3"}}
&amp#27;[38;5;86m[HTTP]&amp#27;[0m &amp#27;[37m<-- GET /status &amp#27;[39m&amp#27;[32m200&amp#27;[39m &amp#27;[90m5 ms - 111&amp#27;[39m &amp#27;[90m&amp#27;[39m
Appium Server started successfully.
&amp#27;[38;5;86m[HTTP]&amp#27;[0m Request idempotency key: d0f9cdad-4176-4819-bc84-ab47b0f2b49f
&amp#27;[38;5;86m[HTTP]&amp#27;[0m &amp#27;[37m-->&amp#27;[39m &amp#27;[37mPOST&amp#27;[39m &amp#27;[37m/session&amp#27;[39m &amp#27;[90m{"capabilities":{"firstMatch":[{"appium:noReset":true,"appium:newCommandTimeout":60,"appium:appActivity":"com.aciana.docisn.MainActivity","appium:appiumVersion":"2.10.3","appium:deviceName":"R52W409CCYF","platformName":"ANDROID","appium:automationName":"UiAutomator2","appium:platformVersion":"14.0","appium:appPackage":"com.aciana.docisn"}]}}&amp#27;[39m
&amp#27;[38;5;221m[AppiumDriver@d52d]&amp#27;[0m Calling AppiumDriver.createSession() with args: [null,null,{"firstMatch":[{"appium:noReset":true,"appium:newCommandTimeout":60,"appium:appActivity":"com.aciana.docisn.MainActivity","appium:appiumVersion":"2.10.3","appium:deviceName":"R52W409CCYF","platformName":"ANDROID","appium:automationName":"UiAutomator2","appium:platformVersion":"14.0","appium:appPackage":"com.aciana.docisn"}]}]
&amp#27;[38;5;221m[AppiumDriver@d52d]&amp#27;[0m Event 'newSessionRequested' logged at 1718996896998 (00:38:16 GMT+0530 (India Standard Time))
&amp#27;[38;5;112m[Appium]&amp#27;[0m Attempting to find matching driver for automationName 'UiAutomator2' and platformName 'ANDROID'
&amp#27;[38;5;112m[Appium]&amp#27;[0m The 'uiautomator2' driver was installed and matched caps.
&amp#27;[38;5;112m[Appium]&amp#27;[0m Will require it at C:\Users\Archents\.appium\node_modules\appium-uiautomator2-driver
&amp#27;[38;5;112m[Appium]&amp#27;[0m Requiring driver at C:\Users\Archents\.appium\node_modules\appium-uiautomator2-driver\build\index.js
&amp#27;[38;5;221m[AppiumDriver@d52d]&amp#27;[0m Appium v2.10.3 creating new AndroidUiautomator2Driver (v2.29.2) session
&amp#27;[38;5;221m[AppiumDriver@d52d]&amp#27;[0m Checking BaseDriver versions for Appium and AndroidUiautomator2Driver
&amp#27;[38;5;221m[AppiumDriver@d52d]&amp#27;[0m Appium's BaseDriver version is 9.10.3
&amp#27;[38;5;221m[AppiumDriver@d52d]&amp#27;[0m AndroidUiautomator2Driver's BaseDriver version is 9.10.3
&amp#27;[38;5;-151m[AndroidUiautomator2Driver@e089]&amp#27;[0m undefined
&amp#27;[38;5;-151m[AndroidUiautomator2Driver@e089]&amp#27;[0m Creating session with W3C capabilities: {
  "alwaysMatch": {
    "platformName": "ANDROID",
    "appium:noReset": true,
    "appium:newCommandTimeout": 60,
    "appium:appActivity": "com.aciana.docisn.MainActivity",
    "appium:appiumVersion": "2.10.3",
    "appium:deviceName": "R52W409CCYF",
    "appium:automationName": "UiAutomator2",
    "appium:platformVersion": "14.0",
    "appium:appPackage": "com.aciana.docisn"
  },
  "firstMatch": [
    {}
  ]
}
&amp#27;[38;5;-151m[AndroidUiautomator2Driver@e089]&amp#27;[0m The following provided capabilities were not recognized by this driver:
&amp#27;[38;5;-151m[AndroidUiautomator2Driver@e089]&amp#27;[0m   appiumVersion
&amp#27;[38;5;-151m[AndroidUiautomator2Driver@e089]&amp#27;[0m   deviceName
&amp#27;[38;5;-151m[AndroidUiautomator2Driver@e089]&amp#27;[0m Session created with session id: 1e38feeb-eca5-47a5-a021-eb1b8ce68b81
&amp#27;[38;5;-151m[AndroidUiautomator2Driver@e089]&amp#27;[0m Starting 'com.aciana.docisn' directly on the device
&amp#27;[38;5;229m[ADB]&amp#27;[0m Found 4 'build-tools' folders under 'C:\Users\Archents\AppData\Local\Android\Sdk' (newest first):
&amp#27;[38;5;229m[ADB]&amp#27;[0m     C:/Users/Archents/AppData/Local/Android/Sdk/build-tools/35.0.0-rc4
&amp#27;[38;5;229m[ADB]&amp#27;[0m     C:/Users/Archents/AppData/Local/Android/Sdk/build-tools/34.0.0
&amp#27;[38;5;229m[ADB]&amp#27;[0m     C:/Users/Archents/AppData/Local/Android/Sdk/build-tools/33.0.2
&amp#27;[38;5;229m[ADB]&amp#27;[0m     C:/Users/Archents/AppData/Local/Android/Sdk/build-tools/30.0.3
&amp#27;[38;5;229m[ADB]&amp#27;[0m Using 'adb.exe' from 'C:\Users\Archents\AppData\Local\Android\Sdk\platform-tools\adb.exe'
&amp#27;[38;5;229m[ADB]&amp#27;[0m Running 'C:\Users\Archents\AppData\Local\Android\Sdk\platform-tools\adb.exe -P 5037 start-server'
&amp#27;[38;5;183m[AndroidDriver]&amp#27;[0m Retrieving device list
&amp#27;[38;5;229m[ADB]&amp#27;[0m Trying to find a connected android device
&amp#27;[38;5;229m[ADB]&amp#27;[0m Getting connected devices
&amp#27;[38;5;229m[ADB]&amp#27;[0m Connected devices: [{"udid":"R52W409CCYF","state":"device"}]
&amp#27;[38;5;183m[AndroidDriver]&amp#27;[0m Looking for a device with Android '14.0.0'
&amp#27;[38;5;229m[ADB]&amp#27;[0m Setting device id to R52W409CCYF
&amp#27;[38;5;229m[ADB]&amp#27;[0m Getting device platform version
&amp#27;[38;5;229m[ADB]&amp#27;[0m Running 'C:\Users\Archents\AppData\Local\Android\Sdk\platform-tools\adb.exe -P 5037 -s R52W409CCYF shell getprop ro.build.version.release'
&amp#27;[38;5;229m[ADB]&amp#27;[0m Current device property 'ro.build.version.release': 14
&amp#27;[38;5;183m[AndroidDriver]&amp#27;[0m Using device: R52W409CCYF
&amp#27;[38;5;229m[ADB]&amp#27;[0m Using 'adb.exe' from 'C:\Users\Archents\AppData\Local\Android\Sdk\platform-tools\adb.exe'
&amp#27;[38;5;229m[ADB]&amp#27;[0m Running 'C:\Users\Archents\AppData\Local\Android\Sdk\platform-tools\adb.exe -P 5037 start-server'
&amp#27;[38;5;229m[ADB]&amp#27;[0m Setting device id to R52W409CCYF
&amp#27;[38;5;229m[ADB]&amp#27;[0m Running 'C:\Users\Archents\AppData\Local\Android\Sdk\platform-tools\adb.exe -P 5037 -s R52W409CCYF shell getprop ro.build.version.sdk'
&amp#27;[38;5;229m[ADB]&amp#27;[0m Current device property 'ro.build.version.sdk': 34
&amp#27;[38;5;229m[ADB]&amp#27;[0m Getting device platform version
&amp#27;[38;5;229m[ADB]&amp#27;[0m Running 'C:\Users\Archents\AppData\Local\Android\Sdk\platform-tools\adb.exe -P 5037 -s R52W409CCYF shell getprop ro.build.version.release'
&amp#27;[38;5;229m[ADB]&amp#27;[0m Current device property 'ro.build.version.release': 14
&amp#27;[38;5;229m[ADB]&amp#27;[0m Device API level: 34
&amp#27;[38;5;-151m[AndroidUiautomator2Driver@e089]&amp#27;[0m Relaxing hidden api policy
&amp#27;[38;5;229m[ADB]&amp#27;[0m Running 'C:\Users\Archents\AppData\Local\Android\Sdk\platform-tools\adb.exe -P 5037 -s R52W409CCYF shell 'settings put global hidden_api_policy_pre_p_apps 1;settings put global hidden_api_policy_p_apps 1;settings put global hidden_api_policy 1''
&amp#27;[38;5;183m[AndroidDriver]&amp#27;[0m No app sent in, not parsing package/activity
&amp#27;[38;5;183m[AndroidDriver]&amp#27;[0m Pushing settings apk to device...
&amp#27;[38;5;229m[ADB]&amp#27;[0m Getting package info for 'io.appium.settings'
&amp#27;[38;5;229m[ADB]&amp#27;[0m Running 'C:\Users\Archents\AppData\Local\Android\Sdk\platform-tools\adb.exe -P 5037 -s R52W409CCYF shell dumpsys package io.appium.settings'
&amp#27;[38;5;229m[ADB]&amp#27;[0m The version name of the installed 'io.appium.settings' is greater or equal to the application version name ('5.0.5' >= '5.0.5')
&amp#27;[38;5;229m[ADB]&amp#27;[0m There is no need to install/upgrade 'C:\Users\Archents\.appium\node_modules\appium-uiautomator2-driver\node_modules\io.appium.settings\apks\settings_apk-debug.apk'
&amp#27;[38;5;229m[ADB]&amp#27;[0m Getting IDs of all 'io.appium.settings' processes
&amp#27;[38;5;229m[ADB]&amp#27;[0m Running 'C:\Users\Archents\AppData\Local\Android\Sdk\platform-tools\adb.exe -P 5037 -s R52W409CCYF shell 'pgrep --help; echo $?''
&amp#27;[38;5;229m[ADB]&amp#27;[0m Running 'C:\Users\Archents\AppData\Local\Android\Sdk\platform-tools\adb.exe -P 5037 -s R52W409CCYF shell pgrep -f \(\[\[:blank:\]\]\|\^\)io\.appium\.settings\(\[\[:blank:\]\]\|\$\)'
&amp#27;[38;5;183m[AndroidDriver]&amp#27;[0m io.appium.settings is already running. There is no need to reset its permissions.
&amp#27;[38;5;229m[ADB]&amp#27;[0m Running 'C:\Users\Archents\AppData\Local\Android\Sdk\platform-tools\adb.exe -P 5037 -s R52W409CCYF shell appops set io.appium.settings android:mock_location allow'
&amp#27;[38;5;229m[ADB]&amp#27;[0m Running 'C:\Users\Archents\AppData\Local\Android\Sdk\platform-tools\adb.exe -P 5037 -s R52W409CCYF shell "[ -e '/data/local/tmp/mock_apps.json' ] && echo __PASS__"'
&amp#27;[38;5;229m[ADB]&amp#27;[0m Running 'C:\Users\Archents\AppData\Local\Android\Sdk\platform-tools\adb.exe -P 5037 -s R52W409CCYF shell cat /data/local/tmp/mock_apps.json'
&amp#27;[38;5;160m[Logcat]&amp#27;[0m Starting logs capture with command: C:\\Users\\Archents\\AppData\\Local\\Android\\Sdk\\platform-tools\\adb.exe -P 5037 -s R52W409CCYF logcat -v threadtime
&amp#27;[38;5;-151m[AndroidUiautomator2Driver@e089]&amp#27;[0m Forwarding UiAutomator2 Server port 6790 to local port 8202
&amp#27;[38;5;229m[ADB]&amp#27;[0m Forwarding system: 8202 to device: 6790
&amp#27;[38;5;229m[ADB]&amp#27;[0m Running 'C:\Users\Archents\AppData\Local\Android\Sdk\platform-tools\adb.exe -P 5037 -s R52W409CCYF forward tcp:8202 tcp:6790'
&amp#27;[38;5;229m[ADB]&amp#27;[0m Checking app cert for C:\Users\Archents\.appium\node_modules\appium-uiautomator2-driver\node_modules\appium-uiautomator2-server\apks\appium-uiautomator2-server-v5.12.2.apk
&amp#27;[38;5;229m[ADB]&amp#27;[0m Checking app cert for C:\Users\Archents\.appium\node_modules\appium-uiautomator2-driver\node_modules\appium-uiautomator2-server\apks\appium-uiautomator2-server-debug-androidTest.apk
&amp#27;[38;5;229m[ADB]&amp#27;[0m Using 'apksigner.jar' from 'C:\Users\Archents\AppData\Local\Android\Sdk\build-tools\35.0.0-rc4\lib\apksigner.jar'
&amp#27;[38;5;229m[ADB]&amp#27;[0m Starting apksigner: 'C:\\Program Files\\Java\\jdk-17\\bin\\java.exe' -Xmx1024M -Xss1m -jar C:\\Users\\Archents\\AppData\\Local\\Android\\Sdk\\build-tools\\35.0.0-rc4\\lib\\apksigner.jar verify --print-certs C:\\Users\\Archents\\.appium\\node_modules\\appium-uiautomator2-driver\\node_modules\\appium-uiautomator2-server\\apks\\appium-uiautomator2-server-debug-androidTest.apk
&amp#27;[38;5;229m[ADB]&amp#27;[0m Starting apksigner: 'C:\\Program Files\\Java\\jdk-17\\bin\\java.exe' -Xmx1024M -Xss1m -jar C:\\Users\\Archents\\AppData\\Local\\Android\\Sdk\\build-tools\\35.0.0-rc4\\lib\\apksigner.jar verify --print-certs C:\\Users\\Archents\\.appium\\node_modules\\appium-uiautomator2-driver\\node_modules\\appium-uiautomator2-server\\apks\\appium-uiautomator2-server-v5.12.2.apk
&amp#27;[38;5;229m[ADB]&amp#27;[0m apksigner stdout: Signer #1 certificate DN: EMAILADDRESS=android@android.com, CN=Android, OU=Android, O=Android, L=Mountain View, ST=California, C=US
&amp#27;[38;5;229m[ADB]&amp#27;[0m Signer #1 certificate SHA-256 digest: a40da80a59d170caa950cf15c18c454d47a39b26989d8b640ecd745ba71bf5dc
&amp#27;[38;5;229m[ADB]&amp#27;[0m Signer #1 certificate SHA-1 digest: 61ed377e85d386a8dfee6b864bd85b0bfaa5af81
&amp#27;[38;5;229m[ADB]&amp#27;[0m Signer #1 certificate MD5 digest: e89b158e4bcf988ebd09eb83f5378e87
&amp#27;[38;5;229m[ADB]&amp#27;[0m 
&amp#27;[38;5;229m[ADB]&amp#27;[0m sha256 hash did match for 'appium-uiautomator2-server-debug-androidTest.apk'
&amp#27;[38;5;229m[ADB]&amp#27;[0m 'C:\Users\Archents\.appium\node_modules\appium-uiautomator2-driver\node_modules\appium-uiautomator2-server\apks\appium-uiautomator2-server-debug-androidTest.apk' is signed with the default certificate
&amp#27;[38;5;229m[ADB]&amp#27;[0m Getting install status for io.appium.uiautomator2.server.test
&amp#27;[38;5;229m[ADB]&amp#27;[0m Running 'C:\Users\Archents\AppData\Local\Android\Sdk\platform-tools\adb.exe -P 5037 -s R52W409CCYF shell pm path io.appium.uiautomator2.server.test'
&amp#27;[38;5;229m[ADB]&amp#27;[0m 'io.appium.uiautomator2.server.test' is installed
&amp#27;[38;5;229m[ADB]&amp#27;[0m apksigner stdout: Signer #1 certificate DN: EMAILADDRESS=android@android.com, CN=Android, OU=Android, O=Android, L=Mountain View, ST=California, C=US
&amp#27;[38;5;229m[ADB]&amp#27;[0m Signer #1 certificate SHA-256 digest: a40da80a59d170caa950cf15c18c454d47a39b26989d8b640ecd745ba71bf5dc
&amp#27;[38;5;229m[ADB]&amp#27;[0m Signer #1 certificate SHA-1 digest: 61ed377e85d386a8dfee6b864bd85b0bfaa5af81
&amp#27;[38;5;229m[ADB]&amp#27;[0m Signer #1 certificate MD5 digest: e89b158e4bcf988ebd09eb83f5378e87
&amp#27;[38;5;229m[ADB]&amp#27;[0m 
&amp#27;[38;5;229m[ADB]&amp#27;[0m sha256 hash did match for 'appium-uiautomator2-server-v5.12.2.apk'
&amp#27;[38;5;229m[ADB]&amp#27;[0m 'C:\Users\Archents\.appium\node_modules\appium-uiautomator2-driver\node_modules\appium-uiautomator2-server\apks\appium-uiautomator2-server-v5.12.2.apk' is signed with the default certificate
&amp#27;[38;5;229m[ADB]&amp#27;[0m Getting package info for 'io.appium.uiautomator2.server'
&amp#27;[38;5;229m[ADB]&amp#27;[0m Running 'C:\Users\Archents\AppData\Local\Android\Sdk\platform-tools\adb.exe -P 5037 -s R52W409CCYF shell dumpsys package io.appium.uiautomator2.server'
&amp#27;[38;5;229m[ADB]&amp#27;[0m The version name of the installed 'io.appium.uiautomator2.server' is greater or equal to the application version name ('5.12.2' >= '5.12.2')
&amp#27;[38;5;-151m[AndroidUiautomator2Driver@e089]&amp#27;[0m Server packages status: [{"wasSigned":true,"installState":"sameVersionInstalled","appPath":"C:\\Users\\Archents\\.appium\\node_modules\\appium-uiautomator2-driver\\node_modules\\appium-uiautomator2-server\\apks\\appium-uiautomator2-server-v5.12.2.apk","appId":"io.appium.uiautomator2.server"},{"wasSigned":true,"installState":"sameVersionInstalled","appPath":"C:\\Users\\Archents\\.appium\\node_modules\\appium-uiautomator2-driver\\node_modules\\appium-uiautomator2-server\\apks\\appium-uiautomator2-server-debug-androidTest.apk","appId":"io.appium.uiautomator2.server.test"}]
&amp#27;[38;5;-151m[AndroidUiautomator2Driver@e089]&amp#27;[0m Server packages are not going to be (re)installed
&amp#27;[38;5;-151m[AndroidUiautomator2Driver@e089]&amp#27;[0m Waiting up to 30000ms for services to be available
&amp#27;[38;5;229m[ADB]&amp#27;[0m Running 'C:\Users\Archents\AppData\Local\Android\Sdk\platform-tools\adb.exe -P 5037 -s R52W409CCYF shell pm list instrumentation'
&amp#27;[38;5;-151m[AndroidUiautomator2Driver@e089]&amp#27;[0m Instrumentation target 'io.appium.uiautomator2.server.test/androidx.test.runner.AndroidJUnitRunner' is available
&amp#27;[38;5;229m[ADB]&amp#27;[0m Adding packages ["io.appium.settings","io.appium.uiautomator2.server","io.appium.uiautomator2.server.test"] to Doze whitelist
&amp#27;[38;5;229m[ADB]&amp#27;[0m Got the following command chunks to execute: [["dumpsys","deviceidle","whitelist","+io.appium.settings",";","dumpsys","deviceidle","whitelist","+io.appium.uiautomator2.server",";","dumpsys","deviceidle","whitelist","+io.appium.uiautomator2.server.test",";"]]
&amp#27;[38;5;229m[ADB]&amp#27;[0m Running 'C:\Users\Archents\AppData\Local\Android\Sdk\platform-tools\adb.exe -P 5037 -s R52W409CCYF shell dumpsys deviceidle whitelist +io.appium.settings ; dumpsys deviceidle whitelist +io.appium.uiautomator2.server ; dumpsys deviceidle whitelist +io.appium.uiautomator2.server.test ;'
&amp#27;[38;5;-151m[AndroidUiautomator2Driver@e089]&amp#27;[0m No app capability. Assuming it is already on the device
&amp#27;[38;5;-151m[AndroidUiautomator2Driver@e089]&amp#27;[0m Performing shallow cleanup of automation leftovers
&amp#27;[38;5;-151m[AndroidUiautomator2Driver@e089]&amp#27;[0m The following obsolete sessions are still running: ["75435c55-c29d-4440-a2fc-b6d64db3b5bb"]
&amp#27;[38;5;-151m[AndroidUiautomator2Driver@e089]&amp#27;[0m Cleaning up 1 obsolete session
&amp#27;[38;5;229m[ADB]&amp#27;[0m Running 'C:\Users\Archents\AppData\Local\Android\Sdk\platform-tools\adb.exe -P 5037 -s R52W409CCYF shell am force-stop io.appium.uiautomator2.server.test'
&amp#27;[38;5;-151m[AndroidUiautomator2Driver@e089]&amp#27;[0m Starting UIAutomator2 server 5.12.2
&amp#27;[38;5;-151m[AndroidUiautomator2Driver@e089]&amp#27;[0m Using UIAutomator2 server from 'C:\Users\Archents\.appium\node_modules\appium-uiautomator2-driver\node_modules\appium-uiautomator2-server\apks\appium-uiautomator2-server-v5.12.2.apk' and test from 'C:\Users\Archents\.appium\node_modules\appium-uiautomator2-driver\node_modules\appium-uiautomator2-server\apks\appium-uiautomator2-server-debug-androidTest.apk'
&amp#27;[38;5;-151m[AndroidUiautomator2Driver@e089]&amp#27;[0m Waiting up to 30000ms for UiAutomator2 to be online...
&amp#27;[38;5;229m[ADB]&amp#27;[0m Creating ADB subprocess with args: ["-P","5037","-s","R52W409CCYF","shell","am","instrument","-w","-e","disableAnalytics",true,"io.appium.uiautomator2.server.test/androidx.test.runner.AndroidJUnitRunner"]
&amp#27;[38;5;-151m[AndroidUiautomator2Driver@e089]&amp#27;[0m Matched '/status' to command name 'getStatus'
&amp#27;[38;5;-151m[AndroidUiautomator2Driver@e089]&amp#27;[0m Proxying [GET /status] to [GET http://127.0.0.1:8202/status] with no body
&amp#27;[38;5;-151m[AndroidUiautomator2Driver@e089]&amp#27;[0m socket hang up
&amp#27;[38;5;74m[Instrumentation]&amp#27;[0m io.appium.uiautomator2.server.test.AppiumUiAutomator2Server:
&amp#27;[38;5;-151m[AndroidUiautomator2Driver@e089]&amp#27;[0m Matched '/status' to command name 'getStatus'
&amp#27;[38;5;-151m[AndroidUiautomator2Driver@e089]&amp#27;[0m Proxying [GET /status] to [GET http://127.0.0.1:8202/status] with no body
&amp#27;[38;5;-151m[AndroidUiautomator2Driver@e089]&amp#27;[0m socket hang up
&amp#27;[38;5;-151m[AndroidUiautomator2Driver@e089]&amp#27;[0m Matched '/status' to command name 'getStatus'
&amp#27;[38;5;-151m[AndroidUiautomator2Driver@e089]&amp#27;[0m Proxying [GET /status] to [GET http://127.0.0.1:8202/status] with no body
&amp#27;[38;5;-151m[AndroidUiautomator2Driver@e089]&amp#27;[0m Got response with status 200: {"sessionId":"None","value":{"message":"UiAutomator2 Server is ready to accept commands","ready":true}}
&amp#27;[38;5;-151m[AndroidUiautomator2Driver@e089]&amp#27;[0m The initialization of the instrumentation process took 2190ms
&amp#27;[38;5;-151m[AndroidUiautomator2Driver@e089]&amp#27;[0m Matched '/session' to command name 'createSession'
&amp#27;[38;5;-151m[AndroidUiautomator2Driver@e089]&amp#27;[0m Proxying [POST /session] to [POST http://127.0.0.1:8202/session] with body: {"capabilities":{"firstMatch":[{"platform":"LINUX","webStorageEnabled":false,"takesScreenshot":true,"javascriptEnabled":true,"databaseEnabled":false,"networkConnectionEnabled":true,"locationContextEnabled":false,"warnings":{},"desired":{"platformName":"ANDROID","noReset":true,"newCommandTimeout":60,"appActivity":"com.aciana.docisn.MainActivity","appiumVersion":"2.10.3","deviceName":"R52W409CCYF","automationName":"UiAutomator2","platformVersion":"14.0","appPackage":"com.aciana.docisn"},"platformName":"ANDROID","noReset":true,"newCommandTimeout":60,"appActivity":"com.aciana.docisn.MainActivity","appiumVersion":"2.10.3","deviceName":"R52W409CCYF","automationName":"UiAutomator2","platformVersion":"14.0","appPackage":"com.aciana.docisn","deviceUDID":"R52W409CCYF"}],"alwaysMatch":{}}}
&amp#27;[38;5;-151m[AndroidUiautomator2Driver@e089]&amp#27;[0m Got response with status 200: {"sessionId":"3f6f8230-fd6a-4033-b56b-0e81b1556221","value":{"capabilities":{"firstMatch":[{"platform":"LINUX","webStorageEnabled":false,"takesScreenshot":true,"javascriptEnabled":true,"databaseEnabled":false,"networkConnectionEnabled":true,"locationContextEnabled":false,"warnings":{},"desired":{"platformName":"ANDROID","noReset":true,"newCommandTimeout":60,"appActivity":"com.aciana.docisn.MainActivity","appiumVersion":"2.10.3","deviceName":"R52W409CCYF","automationName":"UiAutomator2","platformVersion":"14.0","appPackage":"com.aciana.docisn"},"platformName":"ANDROID","noReset":true,"newCommandTimeout":60,"appActivity":"com.aciana.docisn.MainActivity","appiumVersion":"2.10.3","deviceName":"R52W409CCYF","automationName":"UiAutomator2","platformVersion":"14.0","appPackage":"com.aciana.docisn","deviceUDID":"R52W409CCYF"}],"alwaysMatch":{}},"sessionId":"3f6f8230-fd6a-4033-b56b-0e81b1556221"}}
&amp#27;[38;5;-151m[AndroidUiautomator2Driver@e089]&amp#27;[0m Determined the downstream protocol as 'W3C'
&amp#27;[38;5;-151m[AndroidUiautomator2Driver@e089]&amp#27;[0m Proxying [GET /appium/device/info] to [GET http://127.0.0.1:8202/session/3f6f8230-fd6a-4033-b56b-0e81b1556221/appium/device/info] with no body
&amp#27;[38;5;-151m[AndroidUiautomator2Driver@e089]&amp#27;[0m Got response with status 200: {"sessionId":"3f6f8230-fd6a-4033-b56b-0e81b1556221","value":{"androidId":"dbb4baf3ad633c61","apiVersion":"34","bluetooth":{"state":"OFF"},"brand":"samsung","carrierName":"","displayDensity":240,"locale":"en_IN","manufacturer":"samsung","model":"SM-P619","networks":[{"capabilities":{"SSID":null,"linkDownBandwidthKbps":14833,"linkUpstreamBandwidthKbps":12000,"networkCapabilities":"NET_CAPABILITY_NOT_METERED,NET_CAPABILITY_INTERNET,NET_CAPABILITY_NOT_RESTRICTED,NET_CAPABILITY_TRUSTED,NET_CAPABILITY_NOT_VPN,NET_CAPABILITY_VALIDATED,NET_CAPABILITY_NOT_ROAMING,NET_CAPABILITY_FOREGROUND,NET_CAPABILITY_NOT_CONGESTED,NET_CAPABILITY_NOT_SUSPENDED","signalStrength":-55,"transportTypes":"TRANSPORT_WIFI"},"detailedState":"CONNECTED","extraInfo":"","isAvailable":true,"isConnected":true,"isFailover":false,"isRoaming":false,"state":"CONNECTED","subtype":-1,"subtypeName":"","type":1,"typeName":"WIFI"}],"platformVersion":"14","realDisplaySize":"1200x2000","timeZone":"Asia/Calcutta"}}
&amp#27;[38;5;229m[ADB]&amp#27;[0m Running 'C:\Users\Archents\AppData\Local\Android\Sdk\platform-tools\adb.exe -P 5037 -s R52W409CCYF shell dumpsys window'
&amp#27;[38;5;183m[AndroidDriver]&amp#27;[0m Screen already unlocked, doing nothing
&amp#27;[38;5;-151m[AndroidUiautomator2Driver@e089]&amp#27;[0m Starting 'com.aciana.docisn/com.aciana.docisn.MainActivity and waiting for 'com.aciana.docisn/com.aciana.docisn.MainActivity'
&amp#27;[38;5;229m[ADB]&amp#27;[0m Getting IDs of all 'com.aciana.docisn' processes
&amp#27;[38;5;229m[ADB]&amp#27;[0m Running 'C:\Users\Archents\AppData\Local\Android\Sdk\platform-tools\adb.exe -P 5037 -s R52W409CCYF shell pgrep -f \(\[\[:blank:\]\]\|\^\)com\.aciana\.docisn\(\[\[:blank:\]\]\|\$\)'
&amp#27;[38;5;-151m[AndroidUiautomator2Driver@e089]&amp#27;[0m 'com.aciana.docisn' is already running and noReset is enabled. Set forceAppLaunch capability to true if the app must be forcefully restarted on session startup.
&amp#27;[38;5;-151m[AndroidUiautomator2Driver@e089]&amp#27;[0m Proxying [GET /appium/device/pixel_ratio] to [GET http://127.0.0.1:8202/session/3f6f8230-fd6a-4033-b56b-0e81b1556221/appium/device/pixel_ratio] with no body
&amp#27;[38;5;-151m[AndroidUiautomator2Driver@e089]&amp#27;[0m Got response with status 200: {"sessionId":"3f6f8230-fd6a-4033-b56b-0e81b1556221","value":1.5}
&amp#27;[38;5;-151m[AndroidUiautomator2Driver@e089]&amp#27;[0m Matched '/appium/device/system_bars' to command name 'getSystemBars'
&amp#27;[38;5;-151m[AndroidUiautomator2Driver@e089]&amp#27;[0m Proxying [GET /appium/device/system_bars] to [GET http://127.0.0.1:8202/session/3f6f8230-fd6a-4033-b56b-0e81b1556221/appium/device/system_bars] with no body
&amp#27;[38;5;-151m[AndroidUiautomator2Driver@e089]&amp#27;[0m Got response with status 200: {"sessionId":"3f6f8230-fd6a-4033-b56b-0e81b1556221","value":{"statusBar":36}}
&amp#27;[38;5;-151m[AndroidUiautomator2Driver@e089]&amp#27;[0m Matched '/window/current/size' to command name 'getWindowSize'
&amp#27;[38;5;-151m[AndroidUiautomator2Driver@e089]&amp#27;[0m Proxying [GET /window/current/size] to [GET http://127.0.0.1:8202/session/3f6f8230-fd6a-4033-b56b-0e81b1556221/window/current/size] with no body
&amp#27;[38;5;-151m[AndroidUiautomator2Driver@e089]&amp#27;[0m Got response with status 200: {"sessionId":"3f6f8230-fd6a-4033-b56b-0e81b1556221","value":{"height":1928,"width":1200}}
&amp#27;[38;5;221m[AppiumDriver@d52d]&amp#27;[0m New AndroidUiautomator2Driver session created successfully, session 1e38feeb-eca5-47a5-a021-eb1b8ce68b81 added to master session list
&amp#27;[38;5;221m[AppiumDriver@d52d]&amp#27;[0m Event 'newSessionStarted' logged at 1718996903930 (00:38:23 GMT+0530 (India Standard Time))
&amp#27;[38;5;-151m[AndroidUiautomator2Driver@e089]&amp#27;[0m Cached the protocol value 'W3C' for the new session 1e38feeb-eca5-47a5-a021-eb1b8ce68b81
&amp#27;[38;5;-151m[AndroidUiautomator2Driver@e089]&amp#27;[0m Responding to client with driver.createSession() result: {"capabilities":{"platform":"LINUX","webStorageEnabled":false,"takesScreenshot":true,"javascriptEnabled":true,"databaseEnabled":false,"networkConnectionEnabled":true,"locationContextEnabled":false,"warnings":{},"desired":{"platformName":"ANDROID","noReset":true,"newCommandTimeout":60,"appActivity":"com.aciana.docisn.MainActivity","appiumVersion":"2.10.3","deviceName":"R52W409CCYF","automationName":"UiAutomator2","platformVersion":"14.0","appPackage":"com.aciana.docisn"},"platformName":"ANDROID","noReset":true,"newCommandTimeout":60,"appActivity":"com.aciana.docisn.MainActivity","appiumVersion":"2.10.3","deviceName":"R52W409CCYF","automationName":"UiAutomator2","platformVersion":"14","appPackage":"com.aciana.docisn","deviceUDID":"R52W409CCYF","deviceApiLevel":34,"deviceScreenSize":"1200x2000","deviceScreenDensity":240,"deviceModel":"SM-P619","deviceManufacturer":"samsung","pixelRatio":1.5,"statBarHeight":36,"viewportRect":{"left":0,"top":36,"width":1200,"height":1892}}}
&amp#27;[38;5;86m[HTTP]&amp#27;[0m &amp#27;[37m<-- POST /session &amp#27;[39m&amp#27;[32m200&amp#27;[39m &amp#27;[90m6934 ms - 1044&amp#27;[39m &amp#27;[90m&amp#27;[39m
Appium driver initialized.
&amp#27;[38;5;87m[1e38feeb]&amp#27;[0m&amp#27;[38;5;86m[HTTP]&amp#27;[0m &amp#27;[37m-->&amp#27;[39m &amp#27;[37mPOST&amp#27;[39m &amp#27;[37m/session/1e38feeb-eca5-47a5-a021-eb1b8ce68b81/element&amp#27;[39m &amp#27;[90m{"value":"Docisn","using":"accessibility id"}&amp#27;[39m
&amp#27;[38;5;87m[1e38feeb]&amp#27;[0m&amp#27;[38;5;-151m[AndroidUiautomator2Driver@e089]&amp#27;[0m Calling AppiumDriver.findElement() with args: ["accessibility id","Docisn","1e38feeb-eca5-47a5-a021-eb1b8ce68b81"]
&amp#27;[38;5;87m[1e38feeb]&amp#27;[0m&amp#27;[38;5;-151m[AndroidUiautomator2Driver@e089]&amp#27;[0m Valid locator strategies for this request: xpath, id, class name, accessibility id, css selector, -android uiautomator
&amp#27;[38;5;87m[1e38feeb]&amp#27;[0m&amp#27;[38;5;-151m[AndroidUiautomator2Driver@e089]&amp#27;[0m Waiting up to 0 ms for condition
&amp#27;[38;5;87m[1e38feeb]&amp#27;[0m&amp#27;[38;5;-151m[AndroidUiautomator2Driver@e089]&amp#27;[0m Matched '/element' to command name 'findElement'
&amp#27;[38;5;87m[1e38feeb]&amp#27;[0m&amp#27;[38;5;-151m[AndroidUiautomator2Driver@e089]&amp#27;[0m Proxying [POST /element] to [POST http://127.0.0.1:8202/session/3f6f8230-fd6a-4033-b56b-0e81b1556221/element] with body: {"strategy":"accessibility id","selector":"Docisn","context":"","multiple":false}
&amp#27;[38;5;87m[1e38feeb]&amp#27;[0m&amp#27;[38;5;-151m[AndroidUiautomator2Driver@e089]&amp#27;[0m Got response with status 200: {"sessionId":"3f6f8230-fd6a-4033-b56b-0e81b1556221","value":{"ELEMENT":"00000000-0000-0122-ffff-ffff00000141","element-6066-11e4-a52e-4f735466cecf":"00000000-0000-0122-ffff-ffff00000141"}}
&amp#27;[38;5;87m[1e38feeb]&amp#27;[0m&amp#27;[38;5;-151m[AndroidUiautomator2Driver@e089]&amp#27;[0m Responding to client with driver.findElement() result: {"element-6066-11e4-a52e-4f735466cecf":"00000000-0000-0122-ffff-ffff00000141","ELEMENT":"00000000-0000-0122-ffff-ffff00000141"}
&amp#27;[38;5;87m[1e38feeb]&amp#27;[0m&amp#27;[38;5;86m[HTTP]&amp#27;[0m &amp#27;[37m<-- POST /session/1e38feeb-eca5-47a5-a021-eb1b8ce68b81/element &amp#27;[39m&amp#27;[32m200&amp#27;[39m &amp#27;[90m111 ms - 137&amp#27;[39m &amp#27;[90m&amp#27;[39m
&amp#27;[38;5;87m[1e38feeb]&amp#27;[0m&amp#27;[38;5;86m[HTTP]&amp#27;[0m &amp#27;[37m-->&amp#27;[39m &amp#27;[37mPOST&amp#27;[39m &amp#27;[37m/session/1e38feeb-eca5-47a5-a021-eb1b8ce68b81/element/00000000-0000-0122-ffff-ffff00000141/click&amp#27;[39m &amp#27;[90m{"id":"00000000-0000-0122-ffff-ffff00000141"}&amp#27;[39m
&amp#27;[38;5;87m[1e38feeb]&amp#27;[0m&amp#27;[38;5;-151m[AndroidUiautomator2Driver@e089]&amp#27;[0m Calling AppiumDriver.click() with args: ["00000000-0000-0122-ffff-ffff00000141","1e38feeb-eca5-47a5-a021-eb1b8ce68b81"]
&amp#27;[38;5;87m[1e38feeb]&amp#27;[0m&amp#27;[38;5;-151m[AndroidUiautomator2Driver@e089]&amp#27;[0m Matched '/element/00000000-0000-0122-ffff-ffff00000141/click' to command name 'click'
&amp#27;[38;5;87m[1e38feeb]&amp#27;[0m&amp#27;[38;5;-151m[AndroidUiautomator2Driver@e089]&amp#27;[0m Proxying [POST /element/00000000-0000-0122-ffff-ffff00000141/click] to [POST http://127.0.0.1:8202/session/3f6f8230-fd6a-4033-b56b-0e81b1556221/element/00000000-0000-0122-ffff-ffff00000141/click] with body: {"element":"00000000-0000-0122-ffff-ffff00000141"}
&amp#27;[38;5;87m[1e38feeb]&amp#27;[0m&amp#27;[38;5;-151m[AndroidUiautomator2Driver@e089]&amp#27;[0m Got response with status 200: {"sessionId":"3f6f8230-fd6a-4033-b56b-0e81b1556221","value":null}
&amp#27;[38;5;87m[1e38feeb]&amp#27;[0m&amp#27;[38;5;-151m[AndroidUiautomator2Driver@e089]&amp#27;[0m Responding to client with driver.click() result: null
&amp#27;[38;5;87m[1e38feeb]&amp#27;[0m&amp#27;[38;5;86m[HTTP]&amp#27;[0m &amp#27;[37m<-- POST /session/1e38feeb-eca5-47a5-a021-eb1b8ce68b81/element/00000000-0000-0122-ffff-ffff00000141/click &amp#27;[39m&amp#27;[32m200&amp#27;[39m &amp#27;[90m187 ms - 14&amp#27;[39m &amp#27;[90m&amp#27;[39m
  Given User clicks the app                            # stepDef.SampleStep.user_clicks_the_app()
&amp#27;[38;5;87m[1e38feeb]&amp#27;[0m&amp#27;[38;5;86m[HTTP]&amp#27;[0m &amp#27;[37m-->&amp#27;[39m &amp#27;[37mPOST&amp#27;[39m &amp#27;[37m/session/1e38feeb-eca5-47a5-a021-eb1b8ce68b81/element&amp#27;[39m &amp#27;[90m{"value":"//android.widget.EditText[@content-desc=\"pedit_fn_id\" and @text=\"Mobile\"]","using":"xpath"}&amp#27;[39m
&amp#27;[38;5;87m[1e38feeb]&amp#27;[0m&amp#27;[38;5;-151m[AndroidUiautomator2Driver@e089]&amp#27;[0m Calling AppiumDriver.findElement() with args: ["xpath","//android.widget.EditText[@content-desc=\"pedit_fn_id\" and @text=\"Mobile\"]","1e38feeb-eca5-47a5-a021-eb1b8ce68b81"]
&amp#27;[38;5;87m[1e38feeb]&amp#27;[0m&amp#27;[38;5;-151m[AndroidUiautomator2Driver@e089]&amp#27;[0m Valid locator strategies for this request: xpath, id, class name, accessibility id, css selector, -android uiautomator
&amp#27;[38;5;87m[1e38feeb]&amp#27;[0m&amp#27;[38;5;-151m[AndroidUiautomator2Driver@e089]&amp#27;[0m Waiting up to 0 ms for condition
&amp#27;[38;5;87m[1e38feeb]&amp#27;[0m&amp#27;[38;5;-151m[AndroidUiautomator2Driver@e089]&amp#27;[0m Matched '/element' to command name 'findElement'
&amp#27;[38;5;87m[1e38feeb]&amp#27;[0m&amp#27;[38;5;-151m[AndroidUiautomator2Driver@e089]&amp#27;[0m Proxying [POST /element] to [POST http://127.0.0.1:8202/session/3f6f8230-fd6a-4033-b56b-0e81b1556221/element] with body: {"strategy":"xpath","selector":"//android.widget.EditText[@content-desc=\"pedit_fn_id\" and @text=\"Mobile\"]","context":"","multiple":false}
&amp#27;[38;5;87m[1e38feeb]&amp#27;[0m&amp#27;[38;5;-151m[AndroidUiautomator2Driver@e089]&amp#27;[0m Got response with status 200: {"sessionId":"3f6f8230-fd6a-4033-b56b-0e81b1556221","value":{"ELEMENT":"00000000-0000-011b-ffff-ffff00000a7d","element-6066-11e4-a52e-4f735466cecf":"00000000-0000-011b-ffff-ffff00000a7d"}}
&amp#27;[38;5;87m[1e38feeb]&amp#27;[0m&amp#27;[38;5;-151m[AndroidUiautomator2Driver@e089]&amp#27;[0m Responding to client with driver.findElement() result: {"element-6066-11e4-a52e-4f735466cecf":"00000000-0000-011b-ffff-ffff00000a7d","ELEMENT":"00000000-0000-011b-ffff-ffff00000a7d"}
&amp#27;[38;5;87m[1e38feeb]&amp#27;[0m&amp#27;[38;5;86m[HTTP]&amp#27;[0m &amp#27;[37m<-- POST /session/1e38feeb-eca5-47a5-a021-eb1b8ce68b81/element &amp#27;[39m&amp#27;[32m200&amp#27;[39m &amp#27;[90m1640 ms - 137&amp#27;[39m &amp#27;[90m&amp#27;[39m
&amp#27;[38;5;87m[1e38feeb]&amp#27;[0m&amp#27;[38;5;86m[HTTP]&amp#27;[0m &amp#27;[37m-->&amp#27;[39m &amp#27;[37mPOST&amp#27;[39m &amp#27;[37m/session/1e38feeb-eca5-47a5-a021-eb1b8ce68b81/element/00000000-0000-011b-ffff-ffff00000a7d/value&amp#27;[39m &amp#27;[90m{"text":"7847881318","value":["7","8","4","7","8","8","1","3","1","8"],"id":"00000000-0000-011b-ffff-ffff00000a7d"}&amp#27;[39m
&amp#27;[38;5;87m[1e38feeb]&amp#27;[0m&amp#27;[38;5;-151m[AndroidUiautomator2Driver@e089]&amp#27;[0m Calling AppiumDriver.setValue() with args: [["7","8","4","7","8","8","1","3","1","8"],"00000000-0000-011b-ffff-ffff00000a7d","1e38feeb-eca5-47a5-a021-eb1b8ce68b81"]
&amp#27;[38;5;87m[1e38feeb]&amp#27;[0m&amp#27;[38;5;-151m[AndroidUiautomator2Driver@e089]&amp#27;[0m Matched '/element/00000000-0000-011b-ffff-ffff00000a7d/value' to command name 'setValue'
&amp#27;[38;5;87m[1e38feeb]&amp#27;[0m&amp#27;[38;5;-151m[AndroidUiautomator2Driver@e089]&amp#27;[0m Added 'value' property ["7","8","4","7","8","8","1","3","1","8"] to 'setValue' request body
&amp#27;[38;5;87m[1e38feeb]&amp#27;[0m&amp#27;[38;5;-151m[AndroidUiautomator2Driver@e089]&amp#27;[0m Proxying [POST /element/00000000-0000-011b-ffff-ffff00000a7d/value] to [POST http://127.0.0.1:8202/session/3f6f8230-fd6a-4033-b56b-0e81b1556221/element/00000000-0000-011b-ffff-ffff00000a7d/value] with body: {"elementId":"00000000-0000-011b-ffff-ffff00000a7d","text":"7847881318","replace":false,"value":["7","8","4","7","8","8","1","3","1","8"]}
&amp#27;[38;5;87m[1e38feeb]&amp#27;[0m&amp#27;[38;5;-151m[AndroidUiautomator2Driver@e089]&amp#27;[0m Got response with status 200: {"sessionId":"3f6f8230-fd6a-4033-b56b-0e81b1556221","value":null}
&amp#27;[38;5;87m[1e38feeb]&amp#27;[0m&amp#27;[38;5;-151m[AndroidUiautomator2Driver@e089]&amp#27;[0m Responding to client with driver.setValue() result: null
&amp#27;[38;5;87m[1e38feeb]&amp#27;[0m&amp#27;[38;5;86m[HTTP]&amp#27;[0m &amp#27;[37m<-- POST /session/1e38feeb-eca5-47a5-a021-eb1b8ce68b81/element/00000000-0000-011b-ffff-ffff00000a7d/value &amp#27;[39m&amp#27;[32m200&amp#27;[39m &amp#27;[90m125 ms - 14&amp#27;[39m &amp#27;[90m&amp#27;[39m
&amp#27;[38;5;87m[1e38feeb]&amp#27;[0m&amp#27;[38;5;86m[HTTP]&amp#27;[0m &amp#27;[37m-->&amp#27;[39m &amp#27;[37mPOST&amp#27;[39m &amp#27;[37m/session/1e38feeb-eca5-47a5-a021-eb1b8ce68b81/element&amp#27;[39m &amp#27;[90m{"value":"//android.widget.EditText[@content-desc=\"pedit_fn_id\" and @text=\"Password\"]","using":"xpath"}&amp#27;[39m
&amp#27;[38;5;87m[1e38feeb]&amp#27;[0m&amp#27;[38;5;-151m[AndroidUiautomator2Driver@e089]&amp#27;[0m Calling AppiumDriver.findElement() with args: ["xpath","//android.widget.EditText[@content-desc=\"pedit_fn_id\" and @text=\"Password\"]","1e38feeb-eca5-47a5-a021-eb1b8ce68b81"]
&amp#27;[38;5;87m[1e38feeb]&amp#27;[0m&amp#27;[38;5;-151m[AndroidUiautomator2Driver@e089]&amp#27;[0m Valid locator strategies for this request: xpath, id, class name, accessibility id, css selector, -android uiautomator
&amp#27;[38;5;87m[1e38feeb]&amp#27;[0m&amp#27;[38;5;-151m[AndroidUiautomator2Driver@e089]&amp#27;[0m Waiting up to 0 ms for condition
&amp#27;[38;5;87m[1e38feeb]&amp#27;[0m&amp#27;[38;5;-151m[AndroidUiautomator2Driver@e089]&amp#27;[0m Matched '/element' to command name 'findElement'
&amp#27;[38;5;87m[1e38feeb]&amp#27;[0m&amp#27;[38;5;-151m[AndroidUiautomator2Driver@e089]&amp#27;[0m Proxying [POST /element] to [POST http://127.0.0.1:8202/session/3f6f8230-fd6a-4033-b56b-0e81b1556221/element] with body: {"strategy":"xpath","selector":"//android.widget.EditText[@content-desc=\"pedit_fn_id\" and @text=\"Password\"]","context":"","multiple":false}
&amp#27;[38;5;87m[1e38feeb]&amp#27;[0m&amp#27;[38;5;-151m[AndroidUiautomator2Driver@e089]&amp#27;[0m Got response with status 200: {"sessionId":"3f6f8230-fd6a-4033-b56b-0e81b1556221","value":{"ELEMENT":"00000000-0000-011b-ffff-ffff00000a83","element-6066-11e4-a52e-4f735466cecf":"00000000-0000-011b-ffff-ffff00000a83"}}
&amp#27;[38;5;87m[1e38feeb]&amp#27;[0m&amp#27;[38;5;-151m[AndroidUiautomator2Driver@e089]&amp#27;[0m Responding to client with driver.findElement() result: {"element-6066-11e4-a52e-4f735466cecf":"00000000-0000-011b-ffff-ffff00000a83","ELEMENT":"00000000-0000-011b-ffff-ffff00000a83"}
&amp#27;[38;5;87m[1e38feeb]&amp#27;[0m&amp#27;[38;5;86m[HTTP]&amp#27;[0m &amp#27;[37m<-- POST /session/1e38feeb-eca5-47a5-a021-eb1b8ce68b81/element &amp#27;[39m&amp#27;[32m200&amp#27;[39m &amp#27;[90m791 ms - 137&amp#27;[39m &amp#27;[90m&amp#27;[39m
&amp#27;[38;5;87m[1e38feeb]&amp#27;[0m&amp#27;[38;5;86m[HTTP]&amp#27;[0m &amp#27;[37m-->&amp#27;[39m &amp#27;[37mPOST&amp#27;[39m &amp#27;[37m/session/1e38feeb-eca5-47a5-a021-eb1b8ce68b81/element/00000000-0000-011b-ffff-ffff00000a83/clear&amp#27;[39m &amp#27;[90m{"id":"00000000-0000-011b-ffff-ffff00000a83"}&amp#27;[39m
&amp#27;[38;5;87m[1e38feeb]&amp#27;[0m&amp#27;[38;5;-151m[AndroidUiautomator2Driver@e089]&amp#27;[0m Calling AppiumDriver.clear() with args: ["00000000-0000-011b-ffff-ffff00000a83","1e38feeb-eca5-47a5-a021-eb1b8ce68b81"]
&amp#27;[38;5;87m[1e38feeb]&amp#27;[0m&amp#27;[38;5;-151m[AndroidUiautomator2Driver@e089]&amp#27;[0m Matched '/element/00000000-0000-011b-ffff-ffff00000a83/clear' to command name 'clear'
&amp#27;[38;5;87m[1e38feeb]&amp#27;[0m&amp#27;[38;5;-151m[AndroidUiautomator2Driver@e089]&amp#27;[0m Proxying [POST /element/00000000-0000-011b-ffff-ffff00000a83/clear] to [POST http://127.0.0.1:8202/session/3f6f8230-fd6a-4033-b56b-0e81b1556221/element/00000000-0000-011b-ffff-ffff00000a83/clear] with body: {"elementId":"00000000-0000-011b-ffff-ffff00000a83"}
&amp#27;[38;5;87m[1e38feeb]&amp#27;[0m&amp#27;[38;5;-151m[AndroidUiautomator2Driver@e089]&amp#27;[0m Got response with status 200: {"sessionId":"3f6f8230-fd6a-4033-b56b-0e81b1556221","value":null}
&amp#27;[38;5;87m[1e38feeb]&amp#27;[0m&amp#27;[38;5;-151m[AndroidUiautomator2Driver@e089]&amp#27;[0m Responding to client with driver.clear() result: null
&amp#27;[38;5;87m[1e38feeb]&amp#27;[0m&amp#27;[38;5;86m[HTTP]&amp#27;[0m &amp#27;[37m<-- POST /session/1e38feeb-eca5-47a5-a021-eb1b8ce68b81/element/00000000-0000-011b-ffff-ffff00000a83/clear &amp#27;[39m&amp#27;[32m200&amp#27;[39m &amp#27;[90m51 ms - 14&amp#27;[39m &amp#27;[90m&amp#27;[39m
&amp#27;[38;5;87m[1e38feeb]&amp#27;[0m&amp#27;[38;5;86m[HTTP]&amp#27;[0m &amp#27;[37m-->&amp#27;[39m &amp#27;[37mPOST&amp#27;[39m &amp#27;[37m/session/1e38feeb-eca5-47a5-a021-eb1b8ce68b81/element&amp#27;[39m &amp#27;[90m{"value":"//android.widget.EditText[@content-desc=\"pedit_fn_id\" and @text=\"Password\"]","using":"xpath"}&amp#27;[39m
&amp#27;[38;5;87m[1e38feeb]&amp#27;[0m&amp#27;[38;5;-151m[AndroidUiautomator2Driver@e089]&amp#27;[0m Calling AppiumDriver.findElement() with args: ["xpath","//android.widget.EditText[@content-desc=\"pedit_fn_id\" and @text=\"Password\"]","1e38feeb-eca5-47a5-a021-eb1b8ce68b81"]
&amp#27;[38;5;87m[1e38feeb]&amp#27;[0m&amp#27;[38;5;-151m[AndroidUiautomator2Driver@e089]&amp#27;[0m Valid locator strategies for this request: xpath, id, class name, accessibility id, css selector, -android uiautomator
&amp#27;[38;5;87m[1e38feeb]&amp#27;[0m&amp#27;[38;5;-151m[AndroidUiautomator2Driver@e089]&amp#27;[0m Waiting up to 0 ms for condition
&amp#27;[38;5;87m[1e38feeb]&amp#27;[0m&amp#27;[38;5;-151m[AndroidUiautomator2Driver@e089]&amp#27;[0m Matched '/element' to command name 'findElement'
&amp#27;[38;5;87m[1e38feeb]&amp#27;[0m&amp#27;[38;5;-151m[AndroidUiautomator2Driver@e089]&amp#27;[0m Proxying [POST /element] to [POST http://127.0.0.1:8202/session/3f6f8230-fd6a-4033-b56b-0e81b1556221/element] with body: {"strategy":"xpath","selector":"//android.widget.EditText[@content-desc=\"pedit_fn_id\" and @text=\"Password\"]","context":"","multiple":false}
&amp#27;[38;5;87m[1e38feeb]&amp#27;[0m&amp#27;[38;5;-151m[AndroidUiautomator2Driver@e089]&amp#27;[0m Got response with status 200: {"sessionId":"3f6f8230-fd6a-4033-b56b-0e81b1556221","value":{"ELEMENT":"00000000-0000-011b-ffff-ffff00000a83","element-6066-11e4-a52e-4f735466cecf":"00000000-0000-011b-ffff-ffff00000a83"}}
&amp#27;[38;5;87m[1e38feeb]&amp#27;[0m&amp#27;[38;5;-151m[AndroidUiautomator2Driver@e089]&amp#27;[0m Responding to client with driver.findElement() result: {"element-6066-11e4-a52e-4f735466cecf":"00000000-0000-011b-ffff-ffff00000a83","ELEMENT":"00000000-0000-011b-ffff-ffff00000a83"}
&amp#27;[38;5;87m[1e38feeb]&amp#27;[0m&amp#27;[38;5;86m[HTTP]&amp#27;[0m &amp#27;[37m<-- POST /session/1e38feeb-eca5-47a5-a021-eb1b8ce68b81/element &amp#27;[39m&amp#27;[32m200&amp#27;[39m &amp#27;[90m856 ms - 137&amp#27;[39m &amp#27;[90m&amp#27;[39m
&amp#27;[38;5;87m[1e38feeb]&amp#27;[0m&amp#27;[38;5;86m[HTTP]&amp#27;[0m &amp#27;[37m-->&amp#27;[39m &amp#27;[37mPOST&amp#27;[39m &amp#27;[37m/session/1e38feeb-eca5-47a5-a021-eb1b8ce68b81/element/00000000-0000-011b-ffff-ffff00000a83/value&amp#27;[39m &amp#27;[90m{"text":"Kpj@1234","value":["K","p","j","@","1","2","3","4"],"id":"00000000-0000-011b-ffff-ffff00000a83"}&amp#27;[39m
&amp#27;[38;5;87m[1e38feeb]&amp#27;[0m&amp#27;[38;5;-151m[AndroidUiautomator2Driver@e089]&amp#27;[0m Calling AppiumDriver.setValue() with args: [["K","p","j","@","1","2","3","4"],"00000000-0000-011b-ffff-ffff00000a83","1e38feeb-eca5-47a5-a021-eb1b8ce68b81"]
&amp#27;[38;5;87m[1e38feeb]&amp#27;[0m&amp#27;[38;5;-151m[AndroidUiautomator2Driver@e089]&amp#27;[0m Matched '/element/00000000-0000-011b-ffff-ffff00000a83/value' to command name 'setValue'
&amp#27;[38;5;87m[1e38feeb]&amp#27;[0m&amp#27;[38;5;-151m[AndroidUiautomator2Driver@e089]&amp#27;[0m Added 'value' property ["K","p","j","@","1","2","3","4"] to 'setValue' request body
&amp#27;[38;5;87m[1e38feeb]&amp#27;[0m&amp#27;[38;5;-151m[AndroidUiautomator2Driver@e089]&amp#27;[0m Proxying [POST /element/00000000-0000-011b-ffff-ffff00000a83/value] to [POST http://127.0.0.1:8202/session/3f6f8230-fd6a-4033-b56b-0e81b1556221/element/00000000-0000-011b-ffff-ffff00000a83/value] with body: {"elementId":"00000000-0000-011b-ffff-ffff00000a83","text":"Kpj@1234","replace":false,"value":["K","p","j","@","1","2","3","4"]}
&amp#27;[38;5;87m[1e38feeb]&amp#27;[0m&amp#27;[38;5;-151m[AndroidUiautomator2Driver@e089]&amp#27;[0m Got response with status 200: {"sessionId":"3f6f8230-fd6a-4033-b56b-0e81b1556221","value":null}
&amp#27;[38;5;87m[1e38feeb]&amp#27;[0m&amp#27;[38;5;-151m[AndroidUiautomator2Driver@e089]&amp#27;[0m Responding to client with driver.setValue() result: null
&amp#27;[38;5;87m[1e38feeb]&amp#27;[0m&amp#27;[38;5;86m[HTTP]&amp#27;[0m &amp#27;[37m<-- POST /session/1e38feeb-eca5-47a5-a021-eb1b8ce68b81/element/00000000-0000-011b-ffff-ffff00000a83/value &amp#27;[39m&amp#27;[32m200&amp#27;[39m &amp#27;[90m108 ms - 14&amp#27;[39m &amp#27;[90m&amp#27;[39m
  And User enters login "7847881318" & "Kpj@1234"      # stepDef.SampleStep.user_enters_login(java.lang.String,java.lang.String)
&amp#27;[38;5;87m[1e38feeb]&amp#27;[0m&amp#27;[38;5;86m[HTTP]&amp#27;[0m &amp#27;[37m-->&amp#27;[39m &amp#27;[37mPOST&amp#27;[39m &amp#27;[37m/session/1e38feeb-eca5-47a5-a021-eb1b8ce68b81/element&amp#27;[39m &amp#27;[90m{"value":"//android.widget.TextView[@text=\"Sign In\"]","using":"xpath"}&amp#27;[39m
&amp#27;[38;5;87m[1e38feeb]&amp#27;[0m&amp#27;[38;5;-151m[AndroidUiautomator2Driver@e089]&amp#27;[0m Calling AppiumDriver.findElement() with args: ["xpath","//android.widget.TextView[@text=\"Sign In\"]","1e38feeb-eca5-47a5-a021-eb1b8ce68b81"]
&amp#27;[38;5;87m[1e38feeb]&amp#27;[0m&amp#27;[38;5;-151m[AndroidUiautomator2Driver@e089]&amp#27;[0m Valid locator strategies for this request: xpath, id, class name, accessibility id, css selector, -android uiautomator
&amp#27;[38;5;87m[1e38feeb]&amp#27;[0m&amp#27;[38;5;-151m[AndroidUiautomator2Driver@e089]&amp#27;[0m Waiting up to 0 ms for condition
&amp#27;[38;5;87m[1e38feeb]&amp#27;[0m&amp#27;[38;5;-151m[AndroidUiautomator2Driver@e089]&amp#27;[0m Matched '/element' to command name 'findElement'
&amp#27;[38;5;87m[1e38feeb]&amp#27;[0m&amp#27;[38;5;-151m[AndroidUiautomator2Driver@e089]&amp#27;[0m Proxying [POST /element] to [POST http://127.0.0.1:8202/session/3f6f8230-fd6a-4033-b56b-0e81b1556221/element] with body: {"strategy":"xpath","selector":"//android.widget.TextView[@text=\"Sign In\"]","context":"","multiple":false}
&amp#27;[38;5;87m[1e38feeb]&amp#27;[0m&amp#27;[38;5;-151m[AndroidUiautomator2Driver@e089]&amp#27;[0m Got response with status 200: {"sessionId":"3f6f8230-fd6a-4033-b56b-0e81b1556221","value":{"ELEMENT":"00000000-0000-011b-ffff-ffff00000a8a","element-6066-11e4-a52e-4f735466cecf":"00000000-0000-011b-ffff-ffff00000a8a"}}
&amp#27;[38;5;87m[1e38feeb]&amp#27;[0m&amp#27;[38;5;-151m[AndroidUiautomator2Driver@e089]&amp#27;[0m Responding to client with driver.findElement() result: {"element-6066-11e4-a52e-4f735466cecf":"00000000-0000-011b-ffff-ffff00000a8a","ELEMENT":"00000000-0000-011b-ffff-ffff00000a8a"}
&amp#27;[38;5;87m[1e38feeb]&amp#27;[0m&amp#27;[38;5;86m[HTTP]&amp#27;[0m &amp#27;[37m<-- POST /session/1e38feeb-eca5-47a5-a021-eb1b8ce68b81/element &amp#27;[39m&amp#27;[32m200&amp#27;[39m &amp#27;[90m975 ms - 137&amp#27;[39m &amp#27;[90m&amp#27;[39m
&amp#27;[38;5;87m[1e38feeb]&amp#27;[0m&amp#27;[38;5;86m[HTTP]&amp#27;[0m &amp#27;[37m-->&amp#27;[39m &amp#27;[37mPOST&amp#27;[39m &amp#27;[37m/session/1e38feeb-eca5-47a5-a021-eb1b8ce68b81/element/00000000-0000-011b-ffff-ffff00000a8a/click&amp#27;[39m &amp#27;[90m{"id":"00000000-0000-011b-ffff-ffff00000a8a"}&amp#27;[39m
&amp#27;[38;5;87m[1e38feeb]&amp#27;[0m&amp#27;[38;5;-151m[AndroidUiautomator2Driver@e089]&amp#27;[0m Calling AppiumDriver.click() with args: ["00000000-0000-011b-ffff-ffff00000a8a","1e38feeb-eca5-47a5-a021-eb1b8ce68b81"]
&amp#27;[38;5;87m[1e38feeb]&amp#27;[0m&amp#27;[38;5;-151m[AndroidUiautomator2Driver@e089]&amp#27;[0m Matched '/element/00000000-0000-011b-ffff-ffff00000a8a/click' to command name 'click'
&amp#27;[38;5;87m[1e38feeb]&amp#27;[0m&amp#27;[38;5;-151m[AndroidUiautomator2Driver@e089]&amp#27;[0m Proxying [POST /element/00000000-0000-011b-ffff-ffff00000a8a/click] to [POST http://127.0.0.1:8202/session/3f6f8230-fd6a-4033-b56b-0e81b1556221/element/00000000-0000-011b-ffff-ffff00000a8a/click] with body: {"element":"00000000-0000-011b-ffff-ffff00000a8a"}
&amp#27;[38;5;87m[1e38feeb]&amp#27;[0m&amp#27;[38;5;-151m[AndroidUiautomator2Driver@e089]&amp#27;[0m Got response with status 200: {"sessionId":"3f6f8230-fd6a-4033-b56b-0e81b1556221","value":null}
&amp#27;[38;5;87m[1e38feeb]&amp#27;[0m&amp#27;[38;5;-151m[AndroidUiautomator2Driver@e089]&amp#27;[0m Responding to client with driver.click() result: null
&amp#27;[38;5;87m[1e38feeb]&amp#27;[0m&amp#27;[38;5;86m[HTTP]&amp#27;[0m &amp#27;[37m<-- POST /session/1e38feeb-eca5-47a5-a021-eb1b8ce68b81/element/00000000-0000-011b-ffff-ffff00000a8a/click &amp#27;[39m&amp#27;[32m200&amp#27;[39m &amp#27;[90m87 ms - 14&amp#27;[39m &amp#27;[90m&amp#27;[39m
  Then User clicks login button                        # stepDef.SampleStep.user_clicks_login_button()
&amp#27;[38;5;87m[1e38feeb]&amp#27;[0m&amp#27;[38;5;86m[HTTP]&amp#27;[0m &amp#27;[37m-->&amp#27;[39m &amp#27;[37mPOST&amp#27;[39m &amp#27;[37m/session/1e38feeb-eca5-47a5-a021-eb1b8ce68b81/element&amp#27;[39m &amp#27;[90m{"value":"(//android.widget.ImageView[@content-desc=\"home_prof_pic_id\"])[1]","using":"xpath"}&amp#27;[39m
&amp#27;[38;5;87m[1e38feeb]&amp#27;[0m&amp#27;[38;5;-151m[AndroidUiautomator2Driver@e089]&amp#27;[0m Calling AppiumDriver.findElement() with args: ["xpath","(//android.widget.ImageView[@content-desc=\"home_prof_pic_id\"])[1]","1e38feeb-eca5-47a5-a021-eb1b8ce68b81"]
&amp#27;[38;5;87m[1e38feeb]&amp#27;[0m&amp#27;[38;5;-151m[AndroidUiautomator2Driver@e089]&amp#27;[0m Valid locator strategies for this request: xpath, id, class name, accessibility id, css selector, -android uiautomator
&amp#27;[38;5;87m[1e38feeb]&amp#27;[0m&amp#27;[38;5;-151m[AndroidUiautomator2Driver@e089]&amp#27;[0m Waiting up to 0 ms for condition
&amp#27;[38;5;87m[1e38feeb]&amp#27;[0m&amp#27;[38;5;-151m[AndroidUiautomator2Driver@e089]&amp#27;[0m Matched '/element' to command name 'findElement'
&amp#27;[38;5;87m[1e38feeb]&amp#27;[0m&amp#27;[38;5;-151m[AndroidUiautomator2Driver@e089]&amp#27;[0m Proxying [POST /element] to [POST http://127.0.0.1:8202/session/3f6f8230-fd6a-4033-b56b-0e81b1556221/element] with body: {"strategy":"xpath","selector":"(//android.widget.ImageView[@content-desc=\"home_prof_pic_id\"])[1]","context":"","multiple":false}
&amp#27;[38;5;87m[1e38feeb]&amp#27;[0m&amp#27;[38;5;-151m[AndroidUiautomator2Driver@e089]&amp#27;[0m Got response with status 200: {"sessionId":"3f6f8230-fd6a-4033-b56b-0e81b1556221","value":{"ELEMENT":"00000000-0000-011b-ffff-ffff00000ab3","element-6066-11e4-a52e-4f735466cecf":"00000000-0000-011b-ffff-ffff00000ab3"}}
&amp#27;[38;5;87m[1e38feeb]&amp#27;[0m&amp#27;[38;5;-151m[AndroidUiautomator2Driver@e089]&amp#27;[0m Responding to client with driver.findElement() result: {"element-6066-11e4-a52e-4f735466cecf":"00000000-0000-011b-ffff-ffff00000ab3","ELEMENT":"00000000-0000-011b-ffff-ffff00000ab3"}
&amp#27;[38;5;87m[1e38feeb]&amp#27;[0m&amp#27;[38;5;86m[HTTP]&amp#27;[0m &amp#27;[37m<-- POST /session/1e38feeb-eca5-47a5-a021-eb1b8ce68b81/element &amp#27;[39m&amp#27;[32m200&amp#27;[39m &amp#27;[90m391 ms - 137&amp#27;[39m &amp#27;[90m&amp#27;[39m
&amp#27;[38;5;87m[1e38feeb]&amp#27;[0m&amp#27;[38;5;86m[HTTP]&amp#27;[0m &amp#27;[37m-->&amp#27;[39m &amp#27;[37mPOST&amp#27;[39m &amp#27;[37m/session/1e38feeb-eca5-47a5-a021-eb1b8ce68b81/element/00000000-0000-011b-ffff-ffff00000ab3/click&amp#27;[39m &amp#27;[90m{"id":"00000000-0000-011b-ffff-ffff00000ab3"}&amp#27;[39m
&amp#27;[38;5;87m[1e38feeb]&amp#27;[0m&amp#27;[38;5;-151m[AndroidUiautomator2Driver@e089]&amp#27;[0m Calling AppiumDriver.click() with args: ["00000000-0000-011b-ffff-ffff00000ab3","1e38feeb-eca5-47a5-a021-eb1b8ce68b81"]
&amp#27;[38;5;87m[1e38feeb]&amp#27;[0m&amp#27;[38;5;-151m[AndroidUiautomator2Driver@e089]&amp#27;[0m Matched '/element/00000000-0000-011b-ffff-ffff00000ab3/click' to command name 'click'
&amp#27;[38;5;87m[1e38feeb]&amp#27;[0m&amp#27;[38;5;-151m[AndroidUiautomator2Driver@e089]&amp#27;[0m Proxying [POST /element/00000000-0000-011b-ffff-ffff00000ab3/click] to [POST http://127.0.0.1:8202/session/3f6f8230-fd6a-4033-b56b-0e81b1556221/element/00000000-0000-011b-ffff-ffff00000ab3/click] with body: {"element":"00000000-0000-011b-ffff-ffff00000ab3"}
&amp#27;[38;5;87m[1e38feeb]&amp#27;[0m&amp#27;[38;5;-151m[AndroidUiautomator2Driver@e089]&amp#27;[0m Got response with status 200: {"sessionId":"3f6f8230-fd6a-4033-b56b-0e81b1556221","value":null}
&amp#27;[38;5;87m[1e38feeb]&amp#27;[0m&amp#27;[38;5;-151m[AndroidUiautomator2Driver@e089]&amp#27;[0m Responding to client with driver.click() result: null
&amp#27;[38;5;87m[1e38feeb]&amp#27;[0m&amp#27;[38;5;86m[HTTP]&amp#27;[0m &amp#27;[37m<-- POST /session/1e38feeb-eca5-47a5-a021-eb1b8ce68b81/element/00000000-0000-011b-ffff-ffff00000ab3/click &amp#27;[39m&amp#27;[32m200&amp#27;[39m &amp#27;[90m93 ms - 14&amp#27;[39m &amp#27;[90m&amp#27;[39m
  When User selects a app user, dashboard is displayed # stepDef.SampleStep.user_selects_a_app_user_dashboard_is_displayed()
&amp#27;[38;5;87m[1e38feeb]&amp#27;[0m&amp#27;[38;5;86m[HTTP]&amp#27;[0m &amp#27;[37m-->&amp#27;[39m &amp#27;[37mPOST&amp#27;[39m &amp#27;[37m/session/1e38feeb-eca5-47a5-a021-eb1b8ce68b81/element&amp#27;[39m &amp#27;[90m{"value":"//android.widget.ImageView[@content-desc=\"home_prof_pic_id\"]","using":"xpath"}&amp#27;[39m
&amp#27;[38;5;87m[1e38feeb]&amp#27;[0m&amp#27;[38;5;-151m[AndroidUiautomator2Driver@e089]&amp#27;[0m Calling AppiumDriver.findElement() with args: ["xpath","//android.widget.ImageView[@content-desc=\"home_prof_pic_id\"]","1e38feeb-eca5-47a5-a021-eb1b8ce68b81"]
&amp#27;[38;5;87m[1e38feeb]&amp#27;[0m&amp#27;[38;5;-151m[AndroidUiautomator2Driver@e089]&amp#27;[0m Valid locator strategies for this request: xpath, id, class name, accessibility id, css selector, -android uiautomator
&amp#27;[38;5;87m[1e38feeb]&amp#27;[0m&amp#27;[38;5;-151m[AndroidUiautomator2Driver@e089]&amp#27;[0m Waiting up to 0 ms for condition
&amp#27;[38;5;87m[1e38feeb]&amp#27;[0m&amp#27;[38;5;-151m[AndroidUiautomator2Driver@e089]&amp#27;[0m Matched '/element' to command name 'findElement'
&amp#27;[38;5;87m[1e38feeb]&amp#27;[0m&amp#27;[38;5;-151m[AndroidUiautomator2Driver@e089]&amp#27;[0m Proxying [POST /element] to [POST http://127.0.0.1:8202/session/3f6f8230-fd6a-4033-b56b-0e81b1556221/element] with body: {"strategy":"xpath","selector":"//android.widget.ImageView[@content-desc=\"home_prof_pic_id\"]","context":"","multiple":false}
&amp#27;[38;5;87m[1e38feeb]&amp#27;[0m&amp#27;[38;5;-151m[AndroidUiautomator2Driver@e089]&amp#27;[0m Got response with status 200: {"sessionId":"3f6f8230-fd6a-4033-b56b-0e81b1556221","value":{"ELEMENT":"00000000-0000-011b-ffff-ffff00000ad1","element-6066-11e4-a52e-4f735466cecf":"00000000-0000-011b-ffff-ffff00000ad1"}}
&amp#27;[38;5;87m[1e38feeb]&amp#27;[0m&amp#27;[38;5;-151m[AndroidUiautomator2Driver@e089]&amp#27;[0m Responding to client with driver.findElement() result: {"element-6066-11e4-a52e-4f735466cecf":"00000000-0000-011b-ffff-ffff00000ad1","ELEMENT":"00000000-0000-011b-ffff-ffff00000ad1"}
&amp#27;[38;5;87m[1e38feeb]&amp#27;[0m&amp#27;[38;5;86m[HTTP]&amp#27;[0m &amp#27;[37m<-- POST /session/1e38feeb-eca5-47a5-a021-eb1b8ce68b81/element &amp#27;[39m&amp#27;[32m200&amp#27;[39m &amp#27;[90m1240 ms - 137&amp#27;[39m &amp#27;[90m&amp#27;[39m
&amp#27;[38;5;87m[1e38feeb]&amp#27;[0m&amp#27;[38;5;86m[HTTP]&amp#27;[0m &amp#27;[37m-->&amp#27;[39m &amp#27;[37mPOST&amp#27;[39m &amp#27;[37m/session/1e38feeb-eca5-47a5-a021-eb1b8ce68b81/element/00000000-0000-011b-ffff-ffff00000ad1/click&amp#27;[39m &amp#27;[90m{"id":"00000000-0000-011b-ffff-ffff00000ad1"}&amp#27;[39m
&amp#27;[38;5;87m[1e38feeb]&amp#27;[0m&amp#27;[38;5;-151m[AndroidUiautomator2Driver@e089]&amp#27;[0m Calling AppiumDriver.click() with args: ["00000000-0000-011b-ffff-ffff00000ad1","1e38feeb-eca5-47a5-a021-eb1b8ce68b81"]
&amp#27;[38;5;87m[1e38feeb]&amp#27;[0m&amp#27;[38;5;-151m[AndroidUiautomator2Driver@e089]&amp#27;[0m Matched '/element/00000000-0000-011b-ffff-ffff00000ad1/click' to command name 'click'
&amp#27;[38;5;87m[1e38feeb]&amp#27;[0m&amp#27;[38;5;-151m[AndroidUiautomator2Driver@e089]&amp#27;[0m Proxying [POST /element/00000000-0000-011b-ffff-ffff00000ad1/click] to [POST http://127.0.0.1:8202/session/3f6f8230-fd6a-4033-b56b-0e81b1556221/element/00000000-0000-011b-ffff-ffff00000ad1/click] with body: {"element":"00000000-0000-011b-ffff-ffff00000ad1"}
&amp#27;[38;5;87m[1e38feeb]&amp#27;[0m&amp#27;[38;5;-151m[AndroidUiautomator2Driver@e089]&amp#27;[0m Got response with status 200: {"sessionId":"3f6f8230-fd6a-4033-b56b-0e81b1556221","value":null}
&amp#27;[38;5;87m[1e38feeb]&amp#27;[0m&amp#27;[38;5;-151m[AndroidUiautomator2Driver@e089]&amp#27;[0m Responding to client with driver.click() result: null
&amp#27;[38;5;87m[1e38feeb]&amp#27;[0m&amp#27;[38;5;86m[HTTP]&amp#27;[0m &amp#27;[37m<-- POST /session/1e38feeb-eca5-47a5-a021-eb1b8ce68b81/element/00000000-0000-011b-ffff-ffff00000ad1/click &amp#27;[39m&amp#27;[32m200&amp#27;[39m &amp#27;[90m3001 ms - 14&amp#27;[39m &amp#27;[90m&amp#27;[39m
Profile pic clicked
&amp#27;[38;5;87m[1e38feeb]&amp#27;[0m&amp#27;[38;5;86m[HTTP]&amp#27;[0m &amp#27;[37m-->&amp#27;[39m &amp#27;[37mPOST&amp#27;[39m &amp#27;[37m/session/1e38feeb-eca5-47a5-a021-eb1b8ce68b81/element&amp#27;[39m &amp#27;[90m{"value":"//android.widget.TextView[@text=\"Log Out\"]","using":"xpath"}&amp#27;[39m
&amp#27;[38;5;87m[1e38feeb]&amp#27;[0m&amp#27;[38;5;-151m[AndroidUiautomator2Driver@e089]&amp#27;[0m Calling AppiumDriver.findElement() with args: ["xpath","//android.widget.TextView[@text=\"Log Out\"]","1e38feeb-eca5-47a5-a021-eb1b8ce68b81"]
&amp#27;[38;5;87m[1e38feeb]&amp#27;[0m&amp#27;[38;5;-151m[AndroidUiautomator2Driver@e089]&amp#27;[0m Valid locator strategies for this request: xpath, id, class name, accessibility id, css selector, -android uiautomator
&amp#27;[38;5;87m[1e38feeb]&amp#27;[0m&amp#27;[38;5;-151m[AndroidUiautomator2Driver@e089]&amp#27;[0m Waiting up to 0 ms for condition
&amp#27;[38;5;87m[1e38feeb]&amp#27;[0m&amp#27;[38;5;-151m[AndroidUiautomator2Driver@e089]&amp#27;[0m Matched '/element' to command name 'findElement'
&amp#27;[38;5;87m[1e38feeb]&amp#27;[0m&amp#27;[38;5;-151m[AndroidUiautomator2Driver@e089]&amp#27;[0m Proxying [POST /element] to [POST http://127.0.0.1:8202/session/3f6f8230-fd6a-4033-b56b-0e81b1556221/element] with body: {"strategy":"xpath","selector":"//android.widget.TextView[@text=\"Log Out\"]","context":"","multiple":false}
&amp#27;[38;5;87m[1e38feeb]&amp#27;[0m&amp#27;[38;5;-151m[AndroidUiautomator2Driver@e089]&amp#27;[0m Got response with status 200: {"sessionId":"3f6f8230-fd6a-4033-b56b-0e81b1556221","value":{"ELEMENT":"00000000-0000-011b-ffff-ffff00000bc3","element-6066-11e4-a52e-4f735466cecf":"00000000-0000-011b-ffff-ffff00000bc3"}}
&amp#27;[38;5;87m[1e38feeb]&amp#27;[0m&amp#27;[38;5;-151m[AndroidUiautomator2Driver@e089]&amp#27;[0m Responding to client with driver.findElement() result: {"element-6066-11e4-a52e-4f735466cecf":"00000000-0000-011b-ffff-ffff00000bc3","ELEMENT":"00000000-0000-011b-ffff-ffff00000bc3"}
&amp#27;[38;5;87m[1e38feeb]&amp#27;[0m&amp#27;[38;5;86m[HTTP]&amp#27;[0m &amp#27;[37m<-- POST /session/1e38feeb-eca5-47a5-a021-eb1b8ce68b81/element &amp#27;[39m&amp#27;[32m200&amp#27;[39m &amp#27;[90m530 ms - 137&amp#27;[39m &amp#27;[90m&amp#27;[39m
&amp#27;[38;5;87m[1e38feeb]&amp#27;[0m&amp#27;[38;5;86m[HTTP]&amp#27;[0m &amp#27;[37m-->&amp#27;[39m &amp#27;[37mPOST&amp#27;[39m &amp#27;[37m/session/1e38feeb-eca5-47a5-a021-eb1b8ce68b81/element/00000000-0000-011b-ffff-ffff00000bc3/click&amp#27;[39m &amp#27;[90m{"id":"00000000-0000-011b-ffff-ffff00000bc3"}&amp#27;[39m
&amp#27;[38;5;87m[1e38feeb]&amp#27;[0m&amp#27;[38;5;-151m[AndroidUiautomator2Driver@e089]&amp#27;[0m Calling AppiumDriver.click() with args: ["00000000-0000-011b-ffff-ffff00000bc3","1e38feeb-eca5-47a5-a021-eb1b8ce68b81"]
&amp#27;[38;5;87m[1e38feeb]&amp#27;[0m&amp#27;[38;5;-151m[AndroidUiautomator2Driver@e089]&amp#27;[0m Matched '/element/00000000-0000-011b-ffff-ffff00000bc3/click' to command name 'click'
&amp#27;[38;5;87m[1e38feeb]&amp#27;[0m&amp#27;[38;5;-151m[AndroidUiautomator2Driver@e089]&amp#27;[0m Proxying [POST /element/00000000-0000-011b-ffff-ffff00000bc3/click] to [POST http://127.0.0.1:8202/session/3f6f8230-fd6a-4033-b56b-0e81b1556221/element/00000000-0000-011b-ffff-ffff00000bc3/click] with body: {"element":"00000000-0000-011b-ffff-ffff00000bc3"}
&amp#27;[38;5;87m[1e38feeb]&amp#27;[0m&amp#27;[38;5;-151m[AndroidUiautomator2Driver@e089]&amp#27;[0m Got response with status 200: {"sessionId":"3f6f8230-fd6a-4033-b56b-0e81b1556221","value":null}
&amp#27;[38;5;87m[1e38feeb]&amp#27;[0m&amp#27;[38;5;-151m[AndroidUiautomator2Driver@e089]&amp#27;[0m Responding to client with driver.click() result: null
&amp#27;[38;5;87m[1e38feeb]&amp#27;[0m&amp#27;[38;5;86m[HTTP]&amp#27;[0m &amp#27;[37m<-- POST /session/1e38feeb-eca5-47a5-a021-eb1b8ce68b81/element/00000000-0000-011b-ffff-ffff00000bc3/click &amp#27;[39m&amp#27;[32m200&amp#27;[39m &amp#27;[90m106 ms - 14&amp#27;[39m &amp#27;[90m&amp#27;[39m
&amp#27;[38;5;87m[1e38feeb]&amp#27;[0m&amp#27;[38;5;86m[HTTP]&amp#27;[0m &amp#27;[37m-->&amp#27;[39m &amp#27;[37mPOST&amp#27;[39m &amp#27;[37m/session/1e38feeb-eca5-47a5-a021-eb1b8ce68b81/element&amp#27;[39m &amp#27;[90m{"value":"//android.widget.Button[@resource-id=\"android:id/button2\"]","using":"xpath"}&amp#27;[39m
&amp#27;[38;5;87m[1e38feeb]&amp#27;[0m&amp#27;[38;5;-151m[AndroidUiautomator2Driver@e089]&amp#27;[0m Calling AppiumDriver.findElement() with args: ["xpath","//android.widget.Button[@resource-id=\"android:id/button2\"]","1e38feeb-eca5-47a5-a021-eb1b8ce68b81"]
&amp#27;[38;5;87m[1e38feeb]&amp#27;[0m&amp#27;[38;5;-151m[AndroidUiautomator2Driver@e089]&amp#27;[0m Valid locator strategies for this request: xpath, id, class name, accessibility id, css selector, -android uiautomator
&amp#27;[38;5;87m[1e38feeb]&amp#27;[0m&amp#27;[38;5;-151m[AndroidUiautomator2Driver@e089]&amp#27;[0m Waiting up to 0 ms for condition
&amp#27;[38;5;87m[1e38feeb]&amp#27;[0m&amp#27;[38;5;-151m[AndroidUiautomator2Driver@e089]&amp#27;[0m Matched '/element' to command name 'findElement'
&amp#27;[38;5;87m[1e38feeb]&amp#27;[0m&amp#27;[38;5;-151m[AndroidUiautomator2Driver@e089]&amp#27;[0m Proxying [POST /element] to [POST http://127.0.0.1:8202/session/3f6f8230-fd6a-4033-b56b-0e81b1556221/element] with body: {"strategy":"xpath","selector":"//android.widget.Button[@resource-id=\"android:id/button2\"]","context":"","multiple":false}
&amp#27;[38;5;87m[1e38feeb]&amp#27;[0m&amp#27;[38;5;-151m[AndroidUiautomator2Driver@e089]&amp#27;[0m Got response with status 200: {"sessionId":"3f6f8230-fd6a-4033-b56b-0e81b1556221","value":{"ELEMENT":"00000000-0000-0125-ffff-ffff00000bdb","element-6066-11e4-a52e-4f735466cecf":"00000000-0000-0125-ffff-ffff00000bdb"}}
&amp#27;[38;5;87m[1e38feeb]&amp#27;[0m&amp#27;[38;5;-151m[AndroidUiautomator2Driver@e089]&amp#27;[0m Responding to client with driver.findElement() result: {"element-6066-11e4-a52e-4f735466cecf":"00000000-0000-0125-ffff-ffff00000bdb","ELEMENT":"00000000-0000-0125-ffff-ffff00000bdb"}
&amp#27;[38;5;87m[1e38feeb]&amp#27;[0m&amp#27;[38;5;86m[HTTP]&amp#27;[0m &amp#27;[37m<-- POST /session/1e38feeb-eca5-47a5-a021-eb1b8ce68b81/element &amp#27;[39m&amp#27;[32m200&amp#27;[39m &amp#27;[90m162 ms - 137&amp#27;[39m &amp#27;[90m&amp#27;[39m
&amp#27;[38;5;87m[1e38feeb]&amp#27;[0m&amp#27;[38;5;86m[HTTP]&amp#27;[0m &amp#27;[37m-->&amp#27;[39m &amp#27;[37mPOST&amp#27;[39m &amp#27;[37m/session/1e38feeb-eca5-47a5-a021-eb1b8ce68b81/element/00000000-0000-0125-ffff-ffff00000bdb/click&amp#27;[39m &amp#27;[90m{"id":"00000000-0000-0125-ffff-ffff00000bdb"}&amp#27;[39m
&amp#27;[38;5;87m[1e38feeb]&amp#27;[0m&amp#27;[38;5;-151m[AndroidUiautomator2Driver@e089]&amp#27;[0m Calling AppiumDriver.click() with args: ["00000000-0000-0125-ffff-ffff00000bdb","1e38feeb-eca5-47a5-a021-eb1b8ce68b81"]
&amp#27;[38;5;87m[1e38feeb]&amp#27;[0m&amp#27;[38;5;-151m[AndroidUiautomator2Driver@e089]&amp#27;[0m Matched '/element/00000000-0000-0125-ffff-ffff00000bdb/click' to command name 'click'
&amp#27;[38;5;87m[1e38feeb]&amp#27;[0m&amp#27;[38;5;-151m[AndroidUiautomator2Driver@e089]&amp#27;[0m Proxying [POST /element/00000000-0000-0125-ffff-ffff00000bdb/click] to [POST http://127.0.0.1:8202/session/3f6f8230-fd6a-4033-b56b-0e81b1556221/element/00000000-0000-0125-ffff-ffff00000bdb/click] with body: {"element":"00000000-0000-0125-ffff-ffff00000bdb"}
&amp#27;[38;5;87m[1e38feeb]&amp#27;[0m&amp#27;[38;5;-151m[AndroidUiautomator2Driver@e089]&amp#27;[0m Got response with status 200: {"sessionId":"3f6f8230-fd6a-4033-b56b-0e81b1556221","value":null}
&amp#27;[38;5;87m[1e38feeb]&amp#27;[0m&amp#27;[38;5;-151m[AndroidUiautomator2Driver@e089]&amp#27;[0m Responding to client with driver.click() result: null
&amp#27;[38;5;87m[1e38feeb]&amp#27;[0m&amp#27;[38;5;86m[HTTP]&amp#27;[0m &amp#27;[37m<-- POST /session/1e38feeb-eca5-47a5-a021-eb1b8ce68b81/element/00000000-0000-0125-ffff-ffff00000bdb/click &amp#27;[39m&amp#27;[32m200&amp#27;[39m &amp#27;[90m857 ms - 14&amp#27;[39m &amp#27;[90m&amp#27;[39m
  Then User logsout of the app                         # stepDef.SampleStep.user_logsout_of_the_app()
]]></system-out>
  </testcase>
</testsuite>